Log file open, 01/03/19 09:25:04
LogWindows: Failed to load 'aqProf.dll' (GetLastError=126)
LogWindows: File 'aqProf.dll' does not exist
LogWindows: Failed to load 'VtuneApi.dll' (GetLastError=126)
LogWindows: File 'VtuneApi.dll' does not exist
LogWindows: Failed to load 'VtuneApi32e.dll' (GetLastError=126)
LogWindows: File 'VtuneApi32e.dll' does not exist
LogConsoleResponse: Display: Failed to find resolution value strings in scalability ini. Falling back to default.
LogInit: Display: Running engine for game: physicsSim
LogPakFile: Registered encryption key '00000000000000000000000000000000': 0 pak files mounted, 0 remain pending
LogPlatformFile: Not using cached read wrapper
LogTaskGraph: Started task graph with 5 named threads and 11 total threads with 3 sets of task threads.
LogStats: Stats thread started at 2.092813
LogD3D11RHI: Loaded GFSDK_Aftermath_Lib.x64.dll
LogICUInternationalization: ICU TimeZone Detection - Raw Offset: +1:00, Platform Override: ''
LogPluginManager: Mounting plugin Paper2D
LogPluginManager: Mounting plugin AISupport
LogPluginManager: Mounting plugin LightPropagationVolume
LogPluginManager: Mounting plugin ActorLayerUtilities
LogPluginManager: Mounting plugin CLionSourceCodeAccess
LogPluginManager: Mounting plugin CodeLiteSourceCodeAccess
LogPluginManager: Mounting plugin GitSourceControl
LogPluginManager: Mounting plugin KDevelopSourceCodeAccess
LogPluginManager: Mounting plugin NullSourceCodeAccess
LogPluginManager: Mounting plugin PerforceSourceControl
LogPluginManager: Mounting plugin SubversionSourceControl
LogPluginManager: Mounting plugin UObjectPlugin
LogPluginManager: Mounting plugin VisualStudioCodeSourceCodeAccess
LogPluginManager: Mounting plugin VisualStudioSourceCodeAccess
LogPluginManager: Mounting plugin XCodeSourceCodeAccess
LogPluginManager: Mounting plugin AssetManagerEditor
LogPluginManager: Mounting plugin CryptoKeys
LogPluginManager: Mounting plugin DataValidation
LogPluginManager: Mounting plugin FacialAnimation
LogPluginManager: Mounting plugin GameplayTagsEditor
LogPluginManager: Mounting plugin MacGraphicsSwitching
LogPluginManager: Mounting plugin MeshEditor
LogPluginManager: Mounting plugin MobileLauncherProfileWizard
LogPluginManager: Mounting plugin PluginBrowser
LogPluginManager: Mounting plugin SpeedTreeImporter
LogPluginManager: Mounting plugin DatasmithContent
LogPluginManager: Mounting plugin VariantManagerContent
LogPluginManager: Mounting plugin AlembicImporter
LogPluginManager: Mounting plugin AppleImageUtils
LogPluginManager: Mounting plugin AppleVision
LogPluginManager: Mounting plugin BackChannel
LogPluginManager: Mounting plugin CharacterAI
LogPluginManager: Mounting plugin GeometryCache
LogPluginManager: Mounting plugin HTML5Networking
LogPluginManager: Mounting plugin ProxyLODPlugin
LogPluginManager: Mounting plugin MagicLeap
LogPluginManager: Mounting plugin MagicLeapMedia
LogPluginManager: Mounting plugin AndroidMedia
LogPluginManager: Mounting plugin AvfMedia
LogPluginManager: Mounting plugin ImgMedia
LogPluginManager: Mounting plugin LinearTimecode
LogPluginManager: Mounting plugin MediaCompositing
LogPluginManager: Mounting plugin MediaPlayerEditor
LogPluginManager: Mounting plugin WebMMedia
LogPluginManager: Mounting plugin WmfMedia
LogPluginManager: Mounting plugin TcpMessaging
LogPluginManager: Mounting plugin UdpMessaging
LogPluginManager: Mounting plugin ActorSequence
LogPluginManager: Mounting plugin LevelSequenceEditor
LogPluginManager: Mounting plugin MatineeToLevelSequence
LogPluginManager: Mounting plugin NetcodeUnitTest
LogPluginManager: Mounting plugin NUTUnrealEngine4
LogPluginManager: Mounting plugin OnlineSubsystemGooglePlay
LogPluginManager: Mounting plugin OnlineSubsystemIOS
LogPluginManager: Mounting plugin OnlineSubsystem
LogPluginManager: Mounting plugin OnlineSubsystemNull
LogPluginManager: Mounting plugin OnlineSubsystemUtils
LogPluginManager: Mounting plugin LauncherChunkInstaller
LogPluginManager: Mounting plugin AndroidDeviceProfileSelector
LogPluginManager: Mounting plugin AndroidMoviePlayer
LogPluginManager: Mounting plugin AndroidPermission
LogPluginManager: Mounting plugin AppleMoviePlayer
LogPluginManager: Mounting plugin ArchVisCharacter
LogPluginManager: Mounting plugin AudioCapture
LogPluginManager: Mounting plugin CableComponent
LogPluginManager: Mounting plugin CustomMeshComponent
LogPluginManager: Mounting plugin EditableMesh
LogPluginManager: Mounting plugin ExampleDeviceProfileSelector
LogPluginManager: Mounting plugin Firebase
LogPluginManager: Mounting plugin GoogleCloudMessaging
LogPluginManager: Mounting plugin IOSDeviceProfileSelector
LogPluginManager: Mounting plugin LinuxDeviceProfileSelector
LogPluginManager: Mounting plugin LocationServicesBPLibrary
LogPluginManager: Mounting plugin MobilePatchingUtils
LogPluginManager: Mounting plugin OculusVR
LogPluginManager: Mounting plugin PhysXVehicles
LogPluginManager: Mounting plugin ProceduralMeshComponent
LogPluginManager: Mounting plugin RuntimePhysXCooking
LogPluginManager: Mounting plugin SteamVR
LogPluginManager: Mounting plugin WebMMoviePlayer
LogPluginManager: Mounting plugin WindowsMoviePlayer
LogStreaming: Display: Took  1.159s to configure plugins.
LogInit: Using libcurl 7.55.1-DEV
LogInit:  - built for x86_64-pc-win32
LogInit:  - supports SSL with OpenSSL/1.0.2h
LogInit:  - supports HTTP deflate (compression) using libz 1.2.8
LogInit:  - other features:
LogInit:      CURL_VERSION_SSL
LogInit:      CURL_VERSION_LIBZ
LogInit:      CURL_VERSION_IPV6
LogInit:      CURL_VERSION_ASYNCHDNS
LogInit:      CURL_VERSION_LARGEFILE
LogInit:      CURL_VERSION_IDN
LogInit:  CurlRequestOptions (configurable via config and command line):
LogInit:  - bVerifyPeer = true  - Libcurl will verify peer certificate
LogInit:  - bUseHttpProxy = false  - Libcurl will NOT use HTTP proxy
LogInit:  - bDontReuseConnections = false  - Libcurl will reuse connections
LogInit:  - MaxHostConnections = 16  - Libcurl will limit the number of connections to a host
LogInit:  - LocalHostAddr = Default
LogInit:  - BufferSize = 65536
LogInit: WinSock: version 1.1 (2.2), MaxSocks=32767, MaxUdp=65467
LogInit: Build: ++UE4+Release-4.21-CL-4613538
LogInit: Engine Version: 4.21.1-4613538+++UE4+Release-4.21
LogInit: Compatible Engine Version: 4.21.0-4541578+++UE4+Release-4.21
LogInit: Net CL: 4541578
LogInit: OS: Windows 10 (), CPU: Intel(R) Core(TM) i5-4200U CPU @ 1.60GHz, GPU: Intel(R) HD Graphics Family
LogInit: Compiled (64-bit): Nov 30 2018 04:13:25
LogInit: Compiled with Visual C++: 19.13.26129.00
LogInit: Build Configuration: Development
LogInit: Branch Name: ++UE4+Release-4.21
LogInit: Command Line:  -EpicPortal -epicusername=Brumsl -epicuserid=13ef191abea9463db19ff25f753056bd -epiclocale=en-US
LogInit: Base Directory: C:/Program Files/Epic Games/UE_4.21/Engine/Binaries/Win64/
LogInit: Installed Engine Build: 1
LogDevObjectVersion: Number of dev versions registered: 22
LogDevObjectVersion:   Dev-Blueprints (B0D832E4-1F89-4F0D-ACCF-7EB736FD4AA2): 10
LogDevObjectVersion:   Dev-Build (E1C64328-A22C-4D53-A36C-8E866417BD8C): 0
LogDevObjectVersion:   Dev-Core (375EC13C-06E4-48FB-B500-84F0262A717E): 2
LogDevObjectVersion:   Dev-Editor (E4B068ED-F494-42E9-A231-DA0B2E46BB41): 26
LogDevObjectVersion:   Dev-Framework (CFFC743F-43B0-4480-9391-14DF171D2073): 34
LogDevObjectVersion:   Dev-Mobile (B02B49B5-BB20-44E9-A304-32B752E40360): 2
LogDevObjectVersion:   Dev-Networking (A4E4105C-59A1-49B5-A7C5-40C4547EDFEE): 0
LogDevObjectVersion:   Dev-Online (39C831C9-5AE6-47DC-9A44-9C173E1C8E7C): 0
LogDevObjectVersion:   Dev-Physics (78F01B33-EBEA-4F98-B9B4-84EACCB95AA2): 0
LogDevObjectVersion:   Dev-Platform (6631380F-2D4D-43E0-8009-CF276956A95A): 0
LogDevObjectVersion:   Dev-Rendering (12F88B9F-8875-4AFC-A67C-D90C383ABD29): 27
LogDevObjectVersion:   Dev-Sequencer (7B5AE74C-D270-4C10-A958-57980B212A5A): 9
LogDevObjectVersion:   Dev-VR (D7296918-1DD6-4BDD-9DE2-64A83CC13884): 2
LogDevObjectVersion:   Dev-LoadTimes (C2A15278-BFE7-4AFE-6C17-90FF531DF755): 1
LogDevObjectVersion:   Private-Geometry (6EACA3D4-40EC-4CC1-B786-8BED09428FC5): 3
LogDevObjectVersion:   Dev-AnimPhys (29E575DD-E0A3-4627-9D10-D276232CDCEA): 17
LogDevObjectVersion:   Dev-Anim (AF43A65D-7FD3-4947-9873-3E8ED9C1BB05): 2
LogDevObjectVersion:   Dev-ReflectionCapture (6B266CEC-1EC7-4B8F-A30B-E4D90942FC07): 1
LogDevObjectVersion:   Dev-Automation (0DF73D61-A23F-47EA-B727-89E90C41499A): 1
LogDevObjectVersion:   FortniteMain (601D1886-AC64-4F84-AA16-D3DE0DEAC7D6): 17
LogDevObjectVersion:   Dev-Enterprise (9DFFBCD6-494F-0158-E221-12823C92A888): 4
LogDevObjectVersion:   Dev-Niagara (F2AED0AC-9AFE-416F-8664-AA7FFA26D6FC): 1
LogStreaming: Display: Took  0.001s to delete old logs.
LogInit: Presizing for max 8388607 objects, including 0 objects not considered by GC, pre-allocating 0 bytes for permanent pool.
LogInit: Object subsystem initialized
LogConfig: Setting CVar [[con.DebugEarlyDefault:1]]
LogConfig: Setting CVar [[r.setres:1280x720]]
[2019.01.03-08.25.08:691][  0]LogConfig: Setting CVar [[r.VSync:0]]
[2019.01.03-08.25.08:691][  0]LogConfig: Setting CVar [[r.RHICmdBypass:0]]
[2019.01.03-08.25.08:691][  0]LogConfig: Applying CVar settings from Section [/Script/Engine.RendererSettings] File [C:/Users/Josefine/studium/semester5/gameEngines_projects/gameEngines_2/physicsSim/Saved/Config/Windows/Engine.ini]
[2019.01.03-08.25.08:691][  0]LogConfig: Setting CVar [[r.GPUCrashDebugging:0]]
[2019.01.03-08.25.08:691][  0]LogConfig: Applying CVar settings from Section [/Script/Engine.RendererOverrideSettings] File [C:/Users/Josefine/studium/semester5/gameEngines_projects/gameEngines_2/physicsSim/Saved/Config/Windows/Engine.ini]
[2019.01.03-08.25.08:691][  0]LogConfig: Applying CVar settings from Section [/Script/Engine.StreamingSettings] File [C:/Users/Josefine/studium/semester5/gameEngines_projects/gameEngines_2/physicsSim/Saved/Config/Windows/Engine.ini]
[2019.01.03-08.25.08:691][  0]LogConfig: Setting CVar [[s.MinBulkDataSizeForAsyncLoading:131072]]
[2019.01.03-08.25.08:691][  0]LogConfig: Setting CVar [[s.AsyncLoadingThreadEnabled:0]]
[2019.01.03-08.25.08:691][  0]LogConfig: Setting CVar [[s.EventDrivenLoaderEnabled:1]]
[2019.01.03-08.25.08:691][  0]LogConfig: Setting CVar [[s.WarnIfTimeLimitExceeded:0]]
[2019.01.03-08.25.08:691][  0]LogConfig: Setting CVar [[s.TimeLimitExceededMultiplier:1.5]]
[2019.01.03-08.25.08:691][  0]LogConfig: Setting CVar [[s.TimeLimitExceededMinTime:0.005]]
[2019.01.03-08.25.08:691][  0]LogConfig: Setting CVar [[s.UseBackgroundLevelStreaming:1]]
[2019.01.03-08.25.08:692][  0]LogConfig: Setting CVar [[s.PriorityAsyncLoadingExtraTime:15.0]]
[2019.01.03-08.25.08:692][  0]LogConfig: Setting CVar [[s.LevelStreamingActorsUpdateTimeLimit:5.0]]
[2019.01.03-08.25.08:692][  0]LogConfig: Setting CVar [[s.PriorityLevelStreamingActorsUpdateExtraTime:5.0]]
[2019.01.03-08.25.08:692][  0]LogConfig: Setting CVar [[s.LevelStreamingComponentsRegistrationGranularity:10]]
[2019.01.03-08.25.08:692][  0]LogConfig: Setting CVar [[s.UnregisterComponentsTimeLimit:1.0]]
[2019.01.03-08.25.08:692][  0]LogConfig: Setting CVar [[s.LevelStreamingComponentsUnregistrationGranularity:5]]
[2019.01.03-08.25.08:692][  0]LogConfig: Applying CVar settings from Section [/Script/Engine.GarbageCollectionSettings] File [C:/Users/Josefine/studium/semester5/gameEngines_projects/gameEngines_2/physicsSim/Saved/Config/Windows/Engine.ini]
[2019.01.03-08.25.08:692][  0]LogConfig: Setting CVar [[gc.MaxObjectsNotConsideredByGC:1]]
[2019.01.03-08.25.08:692][  0]LogConfig: Setting CVar [[gc.SizeOfPermanentObjectPool:0]]
[2019.01.03-08.25.08:692][  0]LogConfig: Setting CVar [[gc.FlushStreamingOnGC:0]]
[2019.01.03-08.25.08:692][  0]LogConfig: Setting CVar [[gc.NumRetriesBeforeForcingGC:10]]
[2019.01.03-08.25.08:692][  0]LogConfig: Setting CVar [[gc.AllowParallelGC:1]]
[2019.01.03-08.25.08:692][  0]LogConfig: Setting CVar [[gc.TimeBetweenPurgingPendingKillObjects:61.1]]
[2019.01.03-08.25.08:692][  0]LogConfig: Setting CVar [[gc.MaxObjectsInEditor:8388607]]
[2019.01.03-08.25.08:692][  0]LogConfig: Setting CVar [[gc.IncrementalBeginDestroyEnabled:1]]
[2019.01.03-08.25.08:692][  0]LogConfig: Setting CVar [[gc.CreateGCClusters:1]]
[2019.01.03-08.25.08:692][  0]LogConfig: Setting CVar [[gc.MergeGCClusters:0]]
[2019.01.03-08.25.08:693][  0]LogConfig: Setting CVar [[gc.MinGCClusterSize:5]]
[2019.01.03-08.25.08:693][  0]LogConfig: Setting CVar [[gc.ActorClusteringEnabled:0]]
[2019.01.03-08.25.08:693][  0]LogConfig: Setting CVar [[gc.BlueprintClusteringEnabled:0]]
[2019.01.03-08.25.08:693][  0]LogConfig: Setting CVar [[gc.UseDisregardForGCOnDedicatedServers:0]]
[2019.01.03-08.25.08:693][  0]LogConfig: Applying CVar settings from Section [/Script/Engine.NetworkSettings] File [C:/Users/Josefine/studium/semester5/gameEngines_projects/gameEngines_2/physicsSim/Saved/Config/Windows/Engine.ini]
[2019.01.03-08.25.08:693][  0]LogConfig: Applying CVar settings from Section [/Script/UnrealEd.CookerSettings] File [C:/Users/Josefine/studium/semester5/gameEngines_projects/gameEngines_2/physicsSim/Saved/Config/Windows/Engine.ini]
[2019.01.03-08.25.08:702][  0]LogConfig: Applying CVar settings from Section [ViewDistanceQuality@3] File [C:/Users/Josefine/studium/semester5/gameEngines_projects/gameEngines_2/physicsSim/Saved/Config/Windows/Scalability.ini]
[2019.01.03-08.25.08:703][  0]LogConfig: Setting CVar [[r.SkeletalMeshLODBias:0]]
[2019.01.03-08.25.08:703][  0]LogConfig: Setting CVar [[r.ViewDistanceScale:1.0]]
[2019.01.03-08.25.08:703][  0]LogConfig: Applying CVar settings from Section [AntiAliasingQuality@3] File [C:/Users/Josefine/studium/semester5/gameEngines_projects/gameEngines_2/physicsSim/Saved/Config/Windows/Scalability.ini]
[2019.01.03-08.25.08:703][  0]LogConfig: Setting CVar [[r.PostProcessAAQuality:4]]
[2019.01.03-08.25.08:703][  0]LogConfig: Applying CVar settings from Section [ShadowQuality@3] File [C:/Users/Josefine/studium/semester5/gameEngines_projects/gameEngines_2/physicsSim/Saved/Config/Windows/Scalability.ini]
[2019.01.03-08.25.08:703][  0]LogConfig: Setting CVar [[r.LightFunctionQuality:1]]
[2019.01.03-08.25.08:703][  0]LogConfig: Setting CVar [[r.ShadowQuality:5]]
[2019.01.03-08.25.08:703][  0]LogConfig: Setting CVar [[r.Shadow.CSM.MaxCascades:10]]
[2019.01.03-08.25.08:703][  0]LogConfig: Setting CVar [[r.Shadow.MaxResolution:2048]]
[2019.01.03-08.25.08:703][  0]LogConfig: Setting CVar [[r.Shadow.MaxCSMResolution:2048]]
[2019.01.03-08.25.08:703][  0]LogConfig: Setting CVar [[r.Shadow.RadiusThreshold:0.01]]
[2019.01.03-08.25.08:703][  0]LogConfig: Setting CVar [[r.Shadow.DistanceScale:1.0]]
[2019.01.03-08.25.08:703][  0]LogConfig: Setting CVar [[r.Shadow.CSM.TransitionScale:1.0]]
[2019.01.03-08.25.08:703][  0]LogConfig: Setting CVar [[r.Shadow.PreShadowResolutionFactor:1.0]]
[2019.01.03-08.25.08:703][  0]LogConfig: Setting CVar [[r.DistanceFieldShadowing:1]]
[2019.01.03-08.25.08:704][  0]LogConfig: Setting CVar [[r.DistanceFieldAO:1]]
[2019.01.03-08.25.08:704][  0]LogConfig: Setting CVar [[r.AOQuality:2]]
[2019.01.03-08.25.08:704][  0]LogConfig: Setting CVar [[r.VolumetricFog:1]]
[2019.01.03-08.25.08:704][  0]LogConfig: Setting CVar [[r.VolumetricFog.GridPixelSize:8]]
[2019.01.03-08.25.08:704][  0]LogConfig: Setting CVar [[r.VolumetricFog.GridSizeZ:128]]
[2019.01.03-08.25.08:704][  0]LogConfig: Setting CVar [[r.VolumetricFog.HistoryMissSupersampleCount:4]]
[2019.01.03-08.25.08:704][  0]LogConfig: Setting CVar [[r.LightMaxDrawDistanceScale:1]]
[2019.01.03-08.25.08:704][  0]LogConfig: Setting CVar [[r.CapsuleShadows:1]]
[2019.01.03-08.25.08:704][  0]LogConfig: Applying CVar settings from Section [PostProcessQuality@3] File [C:/Users/Josefine/studium/semester5/gameEngines_projects/gameEngines_2/physicsSim/Saved/Config/Windows/Scalability.ini]
[2019.01.03-08.25.08:704][  0]LogConfig: Setting CVar [[r.MotionBlurQuality:4]]
[2019.01.03-08.25.08:704][  0]LogConfig: Setting CVar [[r.AmbientOcclusionMipLevelFactor:0.4]]
[2019.01.03-08.25.08:704][  0]LogConfig: Setting CVar [[r.AmbientOcclusionMaxQuality:100]]
[2019.01.03-08.25.08:704][  0]LogConfig: Setting CVar [[r.AmbientOcclusionLevels:-1]]
[2019.01.03-08.25.08:704][  0]LogConfig: Setting CVar [[r.AmbientOcclusionRadiusScale:1.0]]
[2019.01.03-08.25.08:704][  0]LogConfig: Setting CVar [[r.DepthOfFieldQuality:2]]
[2019.01.03-08.25.08:704][  0]LogConfig: Setting CVar [[r.RenderTargetPoolMin:400]]
[2019.01.03-08.25.08:704][  0]LogConfig: Setting CVar [[r.LensFlareQuality:2]]
[2019.01.03-08.25.08:705][  0]LogConfig: Setting CVar [[r.SceneColorFringeQuality:1]]
[2019.01.03-08.25.08:705][  0]LogConfig: Setting CVar [[r.EyeAdaptationQuality:2]]
[2019.01.03-08.25.08:705][  0]LogConfig: Setting CVar [[r.BloomQuality:5]]
[2019.01.03-08.25.08:705][  0]LogConfig: Setting CVar [[r.FastBlurThreshold:100]]
[2019.01.03-08.25.08:705][  0]LogConfig: Setting CVar [[r.Upscale.Quality:3]]
[2019.01.03-08.25.08:705][  0]LogConfig: Setting CVar [[r.Tonemapper.GrainQuantization:1]]
[2019.01.03-08.25.08:705][  0]LogConfig: Setting CVar [[r.LightShaftQuality:1]]
[2019.01.03-08.25.08:705][  0]LogConfig: Setting CVar [[r.Filter.SizeScale:1]]
[2019.01.03-08.25.08:705][  0]LogConfig: Setting CVar [[r.Tonemapper.Quality:5]]
[2019.01.03-08.25.08:705][  0]LogConfig: Setting CVar [[r.DOF.Gather.AccumulatorQuality:1        ; higher gathering accumulator quality]]
[2019.01.03-08.25.08:705][  0]LogConfig: Setting CVar [[r.DOF.Gather.PostfilterMethod:1          ; Median3x3 postfilering method]]
[2019.01.03-08.25.08:705][  0]LogConfig: Setting CVar [[r.DOF.Gather.EnableBokehSettings:0       ; no bokeh simulation when gathering]]
[2019.01.03-08.25.08:705][  0]LogConfig: Setting CVar [[r.DOF.Gather.RingCount:4                 ; medium number of samples when gathering]]
[2019.01.03-08.25.08:705][  0]LogConfig: Setting CVar [[r.DOF.Scatter.ForegroundCompositing:1    ; additive foreground scattering]]
[2019.01.03-08.25.08:705][  0]LogConfig: Setting CVar [[r.DOF.Scatter.BackgroundCompositing:2    ; additive background scattering]]
[2019.01.03-08.25.08:705][  0]LogConfig: Setting CVar [[r.DOF.Scatter.EnableBokehSettings:1      ; bokeh simulation when scattering]]
[2019.01.03-08.25.08:705][  0]LogConfig: Setting CVar [[r.DOF.Scatter.MaxSpriteRatio:0.1         ; only a maximum of 10% of scattered bokeh]]
[2019.01.03-08.25.08:705][  0]LogConfig: Setting CVar [[r.DOF.Recombine.Quality:1                ; cheap slight out of focus]]
[2019.01.03-08.25.08:706][  0]LogConfig: Setting CVar [[r.DOF.Recombine.EnableBokehSettings:0    ; no bokeh simulation on slight out of focus]]
[2019.01.03-08.25.08:706][  0]LogConfig: Setting CVar [[r.DOF.TemporalAAQuality:1                ; more stable temporal accumulation]]
[2019.01.03-08.25.08:706][  0]LogConfig: Setting CVar [[r.DOF.Kernel.MaxForegroundRadius:0.025]]
[2019.01.03-08.25.08:706][  0]LogConfig: Setting CVar [[r.DOF.Kernel.MaxBackgroundRadius:0.025]]
[2019.01.03-08.25.08:706][  0]LogConfig: Applying CVar settings from Section [TextureQuality@3] File [C:/Users/Josefine/studium/semester5/gameEngines_projects/gameEngines_2/physicsSim/Saved/Config/Windows/Scalability.ini]
[2019.01.03-08.25.08:706][  0]LogConfig: Setting CVar [[r.Streaming.MipBias:0]]
[2019.01.03-08.25.08:706][  0]LogConfig: Setting CVar [[r.Streaming.AmortizeCPUToGPUCopy:0]]
[2019.01.03-08.25.08:706][  0]LogConfig: Setting CVar [[r.Streaming.MaxNumTexturesToStreamPerFrame:0]]
[2019.01.03-08.25.08:706][  0]LogConfig: Setting CVar [[r.Streaming.Boost:1]]
[2019.01.03-08.25.08:706][  0]LogConfig: Setting CVar [[r.MaxAnisotropy:8]]
[2019.01.03-08.25.08:706][  0]LogConfig: Setting CVar [[r.Streaming.LimitPoolSizeToVRAM:0]]
[2019.01.03-08.25.08:706][  0]LogConfig: Setting CVar [[r.Streaming.PoolSize:1000]]
[2019.01.03-08.25.08:706][  0]LogConfig: Setting CVar [[r.Streaming.MaxEffectiveScreenSize:0]]
[2019.01.03-08.25.08:706][  0]LogConfig: Applying CVar settings from Section [EffectsQuality@3] File [C:/Users/Josefine/studium/semester5/gameEngines_projects/gameEngines_2/physicsSim/Saved/Config/Windows/Scalability.ini]
[2019.01.03-08.25.08:706][  0]LogConfig: Setting CVar [[r.TranslucencyLightingVolumeDim:64]]
[2019.01.03-08.25.08:707][  0]LogConfig: Setting CVar [[r.RefractionQuality:2]]
[2019.01.03-08.25.08:707][  0]LogConfig: Setting CVar [[r.SSR.Quality:3]]
[2019.01.03-08.25.08:707][  0]LogConfig: Setting CVar [[r.SceneColorFormat:4]]
[2019.01.03-08.25.08:707][  0]LogConfig: Setting CVar [[r.DetailMode:2]]
[2019.01.03-08.25.08:707][  0]LogConfig: Setting CVar [[r.TranslucencyVolumeBlur:1]]
[2019.01.03-08.25.08:707][  0]LogConfig: Setting CVar [[r.MaterialQualityLevel:1 ; High quality]]
[2019.01.03-08.25.08:707][  0]LogConfig: Setting CVar [[r.SSS.Scale:1]]
[2019.01.03-08.25.08:707][  0]LogConfig: Setting CVar [[r.SSS.SampleSet:2]]
[2019.01.03-08.25.08:707][  0]LogConfig: Setting CVar [[r.SSS.Quality:1]]
[2019.01.03-08.25.08:707][  0]LogConfig: Setting CVar [[r.SSS.HalfRes:1]]
[2019.01.03-08.25.08:707][  0]LogConfig: Setting CVar [[r.EmitterSpawnRateScale:1.0]]
[2019.01.03-08.25.08:707][  0]LogConfig: Setting CVar [[r.ParticleLightQuality:2]]
[2019.01.03-08.25.08:707][  0]LogConfig: Applying CVar settings from Section [FoliageQuality@3] File [C:/Users/Josefine/studium/semester5/gameEngines_projects/gameEngines_2/physicsSim/Saved/Config/Windows/Scalability.ini]
[2019.01.03-08.25.08:707][  0]LogConfig: Setting CVar [[foliage.DensityScale:1.0]]
[2019.01.03-08.25.08:707][  0]LogConfig: Setting CVar [[grass.DensityScale:1.0]]
[2019.01.03-08.25.08:708][  0]LogInit: Selected Device Profile: [Windows]
[2019.01.03-08.25.08:708][  0]LogInit: Applying CVar settings loaded from the selected device profile: [Windows]
[2019.01.03-08.25.08:814][  0]LogHAL: Display: Platform has ~ 8 GB [8312901632 / 8589934592 / 8], which maps to Default [LargestMinGB=32, LargerMinGB=12, DefaultMinGB=8, SmallerMinGB=6, SmallestMinGB=0)
[2019.01.03-08.25.08:814][  0]LogConfig: Setting CVar [[r.Vulkan.UseRealUBs:1]]
[2019.01.03-08.25.08:814][  0]LogInit: Going up to parent DeviceProfile []
[2019.01.03-08.25.08:815][  0]LogConfig: Applying CVar settings from Section [ViewDistanceQuality@3] File [C:/Users/Josefine/studium/semester5/gameEngines_projects/gameEngines_2/physicsSim/Saved/Config/Windows/Scalability.ini]
[2019.01.03-08.25.08:815][  0]LogConfig: Setting CVar [[r.SkeletalMeshLODBias:0]]
[2019.01.03-08.25.08:815][  0]LogConfig: Setting CVar [[r.ViewDistanceScale:1.0]]
[2019.01.03-08.25.08:815][  0]LogConfig: Applying CVar settings from Section [AntiAliasingQuality@3] File [C:/Users/Josefine/studium/semester5/gameEngines_projects/gameEngines_2/physicsSim/Saved/Config/Windows/Scalability.ini]
[2019.01.03-08.25.08:815][  0]LogConfig: Setting CVar [[r.PostProcessAAQuality:4]]
[2019.01.03-08.25.08:815][  0]LogConfig: Applying CVar settings from Section [ShadowQuality@3] File [C:/Users/Josefine/studium/semester5/gameEngines_projects/gameEngines_2/physicsSim/Saved/Config/Windows/Scalability.ini]
[2019.01.03-08.25.08:815][  0]LogConfig: Setting CVar [[r.LightFunctionQuality:1]]
[2019.01.03-08.25.08:815][  0]LogConfig: Setting CVar [[r.ShadowQuality:5]]
[2019.01.03-08.25.08:815][  0]LogConfig: Setting CVar [[r.Shadow.CSM.MaxCascades:10]]
[2019.01.03-08.25.08:815][  0]LogConfig: Setting CVar [[r.Shadow.MaxResolution:2048]]
[2019.01.03-08.25.08:815][  0]LogConfig: Setting CVar [[r.Shadow.MaxCSMResolution:2048]]
[2019.01.03-08.25.08:815][  0]LogConfig: Setting CVar [[r.Shadow.RadiusThreshold:0.01]]
[2019.01.03-08.25.08:815][  0]LogConfig: Setting CVar [[r.Shadow.DistanceScale:1.0]]
[2019.01.03-08.25.08:816][  0]LogConfig: Setting CVar [[r.Shadow.CSM.TransitionScale:1.0]]
[2019.01.03-08.25.08:816][  0]LogConfig: Setting CVar [[r.Shadow.PreShadowResolutionFactor:1.0]]
[2019.01.03-08.25.08:816][  0]LogConfig: Setting CVar [[r.DistanceFieldShadowing:1]]
[2019.01.03-08.25.08:816][  0]LogConfig: Setting CVar [[r.DistanceFieldAO:1]]
[2019.01.03-08.25.08:816][  0]LogConfig: Setting CVar [[r.AOQuality:2]]
[2019.01.03-08.25.08:816][  0]LogConfig: Setting CVar [[r.VolumetricFog:1]]
[2019.01.03-08.25.08:816][  0]LogConfig: Setting CVar [[r.VolumetricFog.GridPixelSize:8]]
[2019.01.03-08.25.08:816][  0]LogConfig: Setting CVar [[r.VolumetricFog.GridSizeZ:128]]
[2019.01.03-08.25.08:816][  0]LogConfig: Setting CVar [[r.VolumetricFog.HistoryMissSupersampleCount:4]]
[2019.01.03-08.25.08:816][  0]LogConfig: Setting CVar [[r.LightMaxDrawDistanceScale:1]]
[2019.01.03-08.25.08:816][  0]LogConfig: Setting CVar [[r.CapsuleShadows:1]]
[2019.01.03-08.25.08:816][  0]LogConfig: Applying CVar settings from Section [PostProcessQuality@3] File [C:/Users/Josefine/studium/semester5/gameEngines_projects/gameEngines_2/physicsSim/Saved/Config/Windows/Scalability.ini]
[2019.01.03-08.25.08:816][  0]LogConfig: Setting CVar [[r.MotionBlurQuality:4]]
[2019.01.03-08.25.08:816][  0]LogConfig: Setting CVar [[r.AmbientOcclusionMipLevelFactor:0.4]]
[2019.01.03-08.25.08:817][  0]LogConfig: Setting CVar [[r.AmbientOcclusionMaxQuality:100]]
[2019.01.03-08.25.08:817][  0]LogConfig: Setting CVar [[r.AmbientOcclusionLevels:-1]]
[2019.01.03-08.25.08:817][  0]LogConfig: Setting CVar [[r.AmbientOcclusionRadiusScale:1.0]]
[2019.01.03-08.25.08:817][  0]LogConfig: Setting CVar [[r.DepthOfFieldQuality:2]]
[2019.01.03-08.25.08:817][  0]LogConfig: Setting CVar [[r.RenderTargetPoolMin:400]]
[2019.01.03-08.25.08:817][  0]LogConfig: Setting CVar [[r.LensFlareQuality:2]]
[2019.01.03-08.25.08:817][  0]LogConfig: Setting CVar [[r.SceneColorFringeQuality:1]]
[2019.01.03-08.25.08:817][  0]LogConfig: Setting CVar [[r.EyeAdaptationQuality:2]]
[2019.01.03-08.25.08:817][  0]LogConfig: Setting CVar [[r.BloomQuality:5]]
[2019.01.03-08.25.08:817][  0]LogConfig: Setting CVar [[r.FastBlurThreshold:100]]
[2019.01.03-08.25.08:817][  0]LogConfig: Setting CVar [[r.Upscale.Quality:3]]
[2019.01.03-08.25.08:817][  0]LogConfig: Setting CVar [[r.Tonemapper.GrainQuantization:1]]
[2019.01.03-08.25.08:817][  0]LogConfig: Setting CVar [[r.LightShaftQuality:1]]
[2019.01.03-08.25.08:817][  0]LogConfig: Setting CVar [[r.Filter.SizeScale:1]]
[2019.01.03-08.25.08:818][  0]LogConfig: Setting CVar [[r.Tonemapper.Quality:5]]
[2019.01.03-08.25.08:818][  0]LogConfig: Setting CVar [[r.DOF.Gather.AccumulatorQuality:1        ; higher gathering accumulator quality]]
[2019.01.03-08.25.08:818][  0]LogConfig: Setting CVar [[r.DOF.Gather.PostfilterMethod:1          ; Median3x3 postfilering method]]
[2019.01.03-08.25.08:818][  0]LogConfig: Setting CVar [[r.DOF.Gather.EnableBokehSettings:0       ; no bokeh simulation when gathering]]
[2019.01.03-08.25.08:818][  0]LogConfig: Setting CVar [[r.DOF.Gather.RingCount:4                 ; medium number of samples when gathering]]
[2019.01.03-08.25.08:818][  0]LogConfig: Setting CVar [[r.DOF.Scatter.ForegroundCompositing:1    ; additive foreground scattering]]
[2019.01.03-08.25.08:818][  0]LogConfig: Setting CVar [[r.DOF.Scatter.BackgroundCompositing:2    ; additive background scattering]]
[2019.01.03-08.25.08:818][  0]LogConfig: Setting CVar [[r.DOF.Scatter.EnableBokehSettings:1      ; bokeh simulation when scattering]]
[2019.01.03-08.25.08:818][  0]LogConfig: Setting CVar [[r.DOF.Scatter.MaxSpriteRatio:0.1         ; only a maximum of 10% of scattered bokeh]]
[2019.01.03-08.25.08:818][  0]LogConfig: Setting CVar [[r.DOF.Recombine.Quality:1                ; cheap slight out of focus]]
[2019.01.03-08.25.08:818][  0]LogConfig: Setting CVar [[r.DOF.Recombine.EnableBokehSettings:0    ; no bokeh simulation on slight out of focus]]
[2019.01.03-08.25.08:818][  0]LogConfig: Setting CVar [[r.DOF.TemporalAAQuality:1                ; more stable temporal accumulation]]
[2019.01.03-08.25.08:818][  0]LogConfig: Setting CVar [[r.DOF.Kernel.MaxForegroundRadius:0.025]]
[2019.01.03-08.25.08:818][  0]LogConfig: Setting CVar [[r.DOF.Kernel.MaxBackgroundRadius:0.025]]
[2019.01.03-08.25.08:818][  0]LogConfig: Applying CVar settings from Section [TextureQuality@3] File [C:/Users/Josefine/studium/semester5/gameEngines_projects/gameEngines_2/physicsSim/Saved/Config/Windows/Scalability.ini]
[2019.01.03-08.25.08:818][  0]LogConfig: Setting CVar [[r.Streaming.MipBias:0]]
[2019.01.03-08.25.08:818][  0]LogConfig: Setting CVar [[r.Streaming.AmortizeCPUToGPUCopy:0]]
[2019.01.03-08.25.08:819][  0]LogConfig: Setting CVar [[r.Streaming.MaxNumTexturesToStreamPerFrame:0]]
[2019.01.03-08.25.08:819][  0]LogConfig: Setting CVar [[r.Streaming.Boost:1]]
[2019.01.03-08.25.08:819][  0]LogConfig: Setting CVar [[r.MaxAnisotropy:8]]
[2019.01.03-08.25.08:819][  0]LogConfig: Setting CVar [[r.Streaming.LimitPoolSizeToVRAM:0]]
[2019.01.03-08.25.08:819][  0]LogConfig: Setting CVar [[r.Streaming.PoolSize:1000]]
[2019.01.03-08.25.08:819][  0]LogConfig: Setting CVar [[r.Streaming.MaxEffectiveScreenSize:0]]
[2019.01.03-08.25.08:819][  0]LogConfig: Applying CVar settings from Section [EffectsQuality@3] File [C:/Users/Josefine/studium/semester5/gameEngines_projects/gameEngines_2/physicsSim/Saved/Config/Windows/Scalability.ini]
[2019.01.03-08.25.08:819][  0]LogConfig: Setting CVar [[r.TranslucencyLightingVolumeDim:64]]
[2019.01.03-08.25.08:819][  0]LogConfig: Setting CVar [[r.RefractionQuality:2]]
[2019.01.03-08.25.08:819][  0]LogConfig: Setting CVar [[r.SSR.Quality:3]]
[2019.01.03-08.25.08:819][  0]LogConfig: Setting CVar [[r.SceneColorFormat:4]]
[2019.01.03-08.25.08:819][  0]LogConfig: Setting CVar [[r.DetailMode:2]]
[2019.01.03-08.25.08:819][  0]LogConfig: Setting CVar [[r.TranslucencyVolumeBlur:1]]
[2019.01.03-08.25.08:819][  0]LogConfig: Setting CVar [[r.MaterialQualityLevel:1 ; High quality]]
[2019.01.03-08.25.08:819][  0]LogConfig: Setting CVar [[r.SSS.Scale:1]]
[2019.01.03-08.25.08:819][  0]LogConfig: Setting CVar [[r.SSS.SampleSet:2]]
[2019.01.03-08.25.08:820][  0]LogConfig: Setting CVar [[r.SSS.Quality:1]]
[2019.01.03-08.25.08:820][  0]LogConfig: Setting CVar [[r.SSS.HalfRes:1]]
[2019.01.03-08.25.08:820][  0]LogConfig: Setting CVar [[r.EmitterSpawnRateScale:1.0]]
[2019.01.03-08.25.08:820][  0]LogConfig: Setting CVar [[r.ParticleLightQuality:2]]
[2019.01.03-08.25.08:820][  0]LogConfig: Applying CVar settings from Section [FoliageQuality@3] File [C:/Users/Josefine/studium/semester5/gameEngines_projects/gameEngines_2/physicsSim/Saved/Config/Windows/Scalability.ini]
[2019.01.03-08.25.08:820][  0]LogConfig: Setting CVar [[foliage.DensityScale:1.0]]
[2019.01.03-08.25.08:820][  0]LogConfig: Setting CVar [[grass.DensityScale:1.0]]
[2019.01.03-08.25.08:820][  0]LogConfig: Applying CVar settings from Section [Startup] File [../../../Engine/Config/ConsoleVariables.ini]
[2019.01.03-08.25.08:878][  0]LogConfig: Setting CVar [[net.UseAdaptiveNetUpdateFrequency:0]]
[2019.01.03-08.25.08:878][  0]LogConfig: Applying CVar settings from Section [ConsoleVariables] File [C:/Users/Josefine/studium/semester5/gameEngines_projects/gameEngines_2/physicsSim/Saved/Config/Windows/Engine.ini]
[2019.01.03-08.25.08:879][  0]LogInit: Computer: VAIO
[2019.01.03-08.25.08:879][  0]LogInit: User: Josefine
[2019.01.03-08.25.08:879][  0]LogInit: CPU Page size=4096, Cores=2
[2019.01.03-08.25.08:879][  0]LogInit: High frequency timer resolution =2.240906 MHz
[2019.01.03-08.25.08:880][  0]LogMemory: Memory total: Physical=7.7GB (8GB approx)
[2019.01.03-08.25.08:880][  0]LogMemory: Platform Memory Stats for Windows
[2019.01.03-08.25.08:880][  0]LogMemory: Process Physical Memory: 102.78 MB used, 102.78 MB peak
[2019.01.03-08.25.08:880][  0]LogMemory: Process Virtual Memory: 94.06 MB used, 94.06 MB peak
[2019.01.03-08.25.08:880][  0]LogMemory: Physical Memory: 4148.48 MB used,  3779.32 MB free, 7927.80 MB total
[2019.01.03-08.25.08:880][  0]LogMemory: Virtual Memory: 4623.57 MB used,  134213104.00 MB free, 134217728.00 MB total
[2019.01.03-08.25.10:040][  0]LogInit: Using OS detected language (en-US).
[2019.01.03-08.25.10:040][  0]LogInit: Using OS detected locale (en-US).
[2019.01.03-08.25.10:042][  0]LogTextLocalizationManager: No specific localization for 'en-US' exists, so the 'en' localization will be used.
[2019.01.03-08.25.12:139][  0]LogStreaming: Display: Took  2.098s to InitEngineTextLocalization.
[2019.01.03-08.25.12:139][  0]LogInit: Setting process to per monitor DPI aware
[2019.01.03-08.25.13:253][  0]LogSlate: New Slate User Created.  User Index 0, Is Virtual User: 0
[2019.01.03-08.25.13:253][  0]LogSlate: Slate User Registered.  User Index 0, Is Virtual User: 0
[2019.01.03-08.25.24:446][  0]LogHMD: Failed to initialize OpenVR with code 110
[2019.01.03-08.25.24:446][  0]LogD3D11RHI: D3D11 adapters:
[2019.01.03-08.25.24:653][  0]LogD3D11RHI:    0. 'NVIDIA GeForce GT 740M' (Feature Level 11_0)
[2019.01.03-08.25.24:654][  0]LogD3D11RHI:       1996/0/3963 MB DedicatedVideo/DedicatedSystem/SharedSystem, Outputs:1, VendorId:0x10de
[2019.01.03-08.25.24:686][  0]LogD3D11RHI:    1. 'Intel(R) HD Graphics Family' (Feature Level 11_0)
[2019.01.03-08.25.24:686][  0]LogD3D11RHI:       112/0/2048 MB DedicatedVideo/DedicatedSystem/SharedSystem, Outputs:0, VendorId:0x8086
[2019.01.03-08.25.24:699][  0]LogD3D11RHI:    2. 'Microsoft Basic Render Driver' (Feature Level 11_0)
[2019.01.03-08.25.24:699][  0]LogD3D11RHI:       0/0/3963 MB DedicatedVideo/DedicatedSystem/SharedSystem, Outputs:0, VendorId:0x1414
[2019.01.03-08.25.24:699][  0]LogD3D11RHI: Chosen D3D11 Adapter: 0
[2019.01.03-08.25.24:761][  0]LogD3D11RHI: Creating new Direct3DDevice
[2019.01.03-08.25.24:761][  0]LogD3D11RHI:     GPU DeviceId: 0x1292 (for the marketing name, search the web for "GPU Device Id")
[2019.01.03-08.25.24:761][  0]LogWindows: EnumDisplayDevices:
[2019.01.03-08.25.24:762][  0]LogWindows:    0. 'Intel(R) HD Graphics Family' (P:1 D:1)
[2019.01.03-08.25.24:762][  0]LogWindows:    1. 'Intel(R) HD Graphics Family' (P:0 D:0)
[2019.01.03-08.25.24:763][  0]LogWindows:    2. 'Intel(R) HD Graphics Family' (P:0 D:0)
[2019.01.03-08.25.24:764][  0]LogWindows: DebugString: PrimaryIsNotTheChoosenAdapter PrimaryIsNotTheChoosenAdapter PrimaryIsNotTheChoosenAdapter FoundDriverCount:0 
[2019.01.03-08.25.24:764][  0]LogD3D11RHI:     Adapter Name: NVIDIA GeForce GT 740M
[2019.01.03-08.25.24:764][  0]LogD3D11RHI:   Driver Version: Unknown (internal:Unknown, unified:Unknown)
[2019.01.03-08.25.24:764][  0]LogD3D11RHI:      Driver Date: Unknown
[2019.01.03-08.25.24:764][  0]LogRHI: Texture pool is 1397 MB (70% of 1996 MB)
[2019.01.03-08.25.25:674][  0]LogD3D11RHI: Async texture creation enabled
[2019.01.03-08.25.25:711][  0]LogD3D11RHI: GPU Timing Frequency: 1000.000000 (Debug: 2 1)
[2019.01.03-08.25.27:879][  0]LogTemp: Display: Loaded TP AllDesktopTargetPlatform
[2019.01.03-08.25.27:947][  0]LogTemp: Display: Loaded TP MacClientTargetPlatform
[2019.01.03-08.25.28:045][  0]LogTemp: Display: Loaded TP MacNoEditorTargetPlatform
[2019.01.03-08.25.28:145][  0]LogTemp: Display: Loaded TP MacServerTargetPlatform
[2019.01.03-08.25.28:293][  0]LogTemp: Display: Loaded TP MacTargetPlatform
[2019.01.03-08.25.28:398][  0]LogTemp: Display: Loaded TP WindowsClientTargetPlatform
[2019.01.03-08.25.28:465][  0]LogTemp: Display: Loaded TP WindowsNoEditorTargetPlatform
[2019.01.03-08.25.28:554][  0]LogTemp: Display: Loaded TP WindowsServerTargetPlatform
[2019.01.03-08.25.28:650][  0]LogTemp: Display: Loaded TP WindowsTargetPlatform
[2019.01.03-08.25.28:911][  0]LogTemp: Display: Loaded TP AndroidTargetPlatform
[2019.01.03-08.25.28:911][  0]LogTemp: Display: Loaded TP AndroidTargetPlatform
[2019.01.03-08.25.28:911][  0]LogTemp: Display: Loaded TP AndroidTargetPlatform
[2019.01.03-08.25.28:911][  0]LogTemp: Display: Loaded TP AndroidTargetPlatform
[2019.01.03-08.25.28:911][  0]LogTemp: Display: Loaded TP AndroidTargetPlatform
[2019.01.03-08.25.28:911][  0]LogTemp: Display: Loaded TP AndroidTargetPlatform
[2019.01.03-08.25.28:911][  0]LogTemp: Display: Loaded TP AndroidTargetPlatform
[2019.01.03-08.25.28:911][  0]LogTemp: Display: Loaded TP AndroidTargetPlatform
[2019.01.03-08.25.28:911][  0]LogTemp: Display: Loaded TP AndroidTargetPlatform
[2019.01.03-08.25.28:911][  0]LogTemp: Display: Loaded TP AndroidTargetPlatform
[2019.01.03-08.25.28:911][  0]LogTemp: Display: Loaded TP AndroidTargetPlatform
[2019.01.03-08.25.28:911][  0]LogTemp: Display: Loaded TP AndroidTargetPlatform
[2019.01.03-08.25.28:911][  0]LogTemp: Display: Loaded TP AndroidTargetPlatform
[2019.01.03-08.25.28:911][  0]LogTemp: Display: Loaded TP AndroidTargetPlatform
[2019.01.03-08.25.28:911][  0]LogTemp: Display: Loaded TP AndroidTargetPlatform
[2019.01.03-08.25.28:911][  0]LogTemp: Display: Loaded TP AndroidTargetPlatform
[2019.01.03-08.25.28:911][  0]LogTemp: Display: Loaded TP AndroidTargetPlatform
[2019.01.03-08.25.28:911][  0]LogTemp: Display: Loaded TP AndroidTargetPlatform
[2019.01.03-08.25.29:038][  0]LogTemp: Display: Loaded TP HTML5TargetPlatform
[2019.01.03-08.25.29:346][  0]LogTemp: Display: Loaded TP IOSTargetPlatform
[2019.01.03-08.25.29:346][  0]LogTemp: Display: Loaded TP IOSTargetPlatform
[2019.01.03-08.25.29:458][  0]LogTemp: Display: Loaded TP TVOSTargetPlatform
[2019.01.03-08.25.29:458][  0]LogTemp: Display: Loaded TP TVOSTargetPlatform
[2019.01.03-08.25.29:631][  0]LogTemp: Display: Loaded TP LinuxClientTargetPlatform
[2019.01.03-08.25.29:693][  0]LogTemp: Display: Loaded TP LinuxNoEditorTargetPlatform
[2019.01.03-08.25.29:793][  0]LogTemp: Display: Loaded TP LinuxServerTargetPlatform
[2019.01.03-08.25.29:928][  0]LogTemp: Display: Loaded TP LinuxTargetPlatform
[2019.01.03-08.25.30:156][  0]LogTemp: Display: Loaded TP LuminTargetPlatform
[2019.01.03-08.25.30:156][  0]LogTemp: Display: Loaded TP LuminTargetPlatform
[2019.01.03-08.25.30:156][  0]LogTargetPlatformManager: Display: Building Assets For Windows
[2019.01.03-08.25.32:885][  0]LogShaderCompilers: Guid format shader working directory is -47 characters bigger than the processId version (../../../../../../Users/Josefine/studium/semester5/gameEngines_projects/gameEngines_2/physicsSim/Intermediate/Shaders/WorkingDirectory/7124/).
[2019.01.03-08.25.32:886][  0]LogShaderCompilers: Cleaned the shader compiler working directory 'C:/Users/Josefine/AppData/Local/Temp/UnrealShaderWorkingDir/BC427626464D6DEDA5EB549A22066D4C/'.
[2019.01.03-08.25.32:958][  0]LogXGEController: Cannot use XGE Controller as Incredibuild is not installed on this machine.
[2019.01.03-08.25.32:958][  0]LogShaderCompilers: Cannot use XGE Shader Compiler as Incredibuild is not installed on this machine.
[2019.01.03-08.25.32:958][  0]LogShaderCompilers: Display: Using Local Shader Compiler.
[2019.01.03-08.25.39:051][  0]LogDerivedDataCache: Display: Max Cache Size: 512 MB
[2019.01.03-08.25.41:979][  0]LogDerivedDataCache: Loaded boot cache 2.93s 86MB C:/Users/Josefine/AppData/Local/UnrealEngine/4.21/DerivedDataCache/Boot.ddc.
[2019.01.03-08.25.41:980][  0]LogDerivedDataCache: Display: Loaded Boot cache: C:/Users/Josefine/AppData/Local/UnrealEngine/4.21/DerivedDataCache/Boot.ddc
[2019.01.03-08.25.41:980][  0]LogDerivedDataCache: FDerivedDataBackendGraph:  Pak pak cache file ../../../../../../Users/Josefine/studium/semester5/gameEngines_projects/gameEngines_2/physicsSim/DerivedDataCache/DDC.ddp not found, will not use a pak cache.
[2019.01.03-08.25.41:980][  0]LogDerivedDataCache: Unable to find inner node Pak for hierarchical cache Hierarchy.
[2019.01.03-08.25.41:980][  0]LogDerivedDataCache: FDerivedDataBackendGraph:  CompressedPak pak cache file ../../../../../../Users/Josefine/studium/semester5/gameEngines_projects/gameEngines_2/physicsSim/DerivedDataCache/Compressed.ddp not found, will not use a pak cache.
[2019.01.03-08.25.41:980][  0]LogDerivedDataCache: Unable to find inner node CompressedPak for hierarchical cache Hierarchy.
[2019.01.03-08.25.42:000][  0]LogDerivedDataCache: Display: Pak cache opened for reading ../../../Engine/DerivedDataCache/Compressed.ddp.
[2019.01.03-08.25.42:001][  0]LogDerivedDataCache: FDerivedDataBackendGraph:  EnterprisePak pak cache file ../../../Enterprise/DerivedDataCache/Compressed.ddp not found, will not use a pak cache.
[2019.01.03-08.25.42:001][  0]LogDerivedDataCache: Unable to find inner node EnterprisePak for hierarchical cache Hierarchy.
[2019.01.03-08.25.42:014][  0]LogDerivedDataCache: Using Local data cache path C:/Users/Josefine/AppData/Local/UnrealEngine/Common/DerivedDataCache: Writable
[2019.01.03-08.25.42:014][  0]LogDerivedDataCache: Shared data cache path not found in *engine.ini, will not use an Shared cache.
[2019.01.03-08.25.42:014][  0]LogDerivedDataCache: Unable to find inner node Shared for hierarchical cache Hierarchy.
[2019.01.03-08.25.42:051][  0]LogMaterial: Verifying Global Shaders for PCD3D_SM5
[2019.01.03-08.25.42:053][  0]LogSlate: Using FreeType 2.6.0
[2019.01.03-08.25.42:085][  0]LogSlate: SlateFontServices - WITH_FREETYPE: 1, WITH_HARFBUZZ: 1
[2019.01.03-08.25.49:206][  0]LogAssetRegistry: FAssetRegistry took 0.0471 seconds to start up
[2019.01.03-08.25.49:805][  0]LogInit: Selected Device Profile: [Windows]
[2019.01.03-08.25.51:966][  0]LogSimplygon: Simplygon DLL not present - disabling.
[2019.01.03-08.25.52:491][  0]LogMeshReduction: Using SimplygonSwarm for distributed automatic mesh merging
[2019.01.03-08.25.52:491][  0]LogMeshReduction: Using ProxyLODMeshReduction for automatic mesh merging
[2019.01.03-08.25.52:491][  0]LogMeshReduction: Using QuadricMeshReduction for automatic static mesh reduction
[2019.01.03-08.25.52:491][  0]LogMeshReduction: No automatic skeletal mesh reduction module available
[2019.01.03-08.25.52:534][  0]LogNetVersion: physicsSim 1.0.0, NetCL: 4541578, EngineNetVer: 5, GameNetVer: 0 (Checksum: 1534244943)
[2019.01.03-08.25.54:506][  0]LogPackageLocalizationCache: Processed 11 localized package path(s) for 2 prioritized culture(s) in 0.846331 seconds
[2019.01.03-08.25.54:514][  0]LogUObjectArray: 39775 objects as part of root set at end of initial load.
[2019.01.03-08.25.54:514][  0]LogUObjectAllocator: 6914656 out of 0 bytes used by permanent object pool.
[2019.01.03-08.25.54:514][  0]LogUObjectArray: CloseDisregardForGC: 0/0 objects in disregard for GC pool
[2019.01.03-08.27.48:325][  0]LogTcpMessaging: Initializing TcpMessaging bridge
[2019.01.03-08.27.48:487][  0]LogUdpMessaging: Initializing bridge on interface 0.0.0.0:0 to multicast group 230.0.0.1:6666.
[2019.01.03-08.27.54:490][  0]SourceControl: Source control is disabled
[2019.01.03-08.27.54:490][  0]SourceControl: Source control is disabled
[2019.01.03-08.27.54:786][  0]SourceControl: Source control is disabled
[2019.01.03-08.27.54:920][  0]SourceControl: Source control is disabled
[2019.01.03-08.28.00:204][  0]LogAndroidPermission: UAndroidPermissionCallbackProxy::GetInstance
[2019.01.03-08.28.01:397][  0]LogOcInput: OculusInput pre-init called
[2019.01.03-08.28.02:569][  0]LogEngine: Initializing Engine...
[2019.01.03-08.28.02:574][  0]LogHMD: Failed to initialize OpenVR with code 110
[2019.01.03-08.28.02:577][  0]LogStats: UGameplayTagsManager::ConstructGameplayTagTree: ImportINI prefixes -  0.000 s
[2019.01.03-08.28.02:577][  0]LogStats: UGameplayTagsManager::ConstructGameplayTagTree: Construct from data asset -  0.000 s
[2019.01.03-08.28.02:578][  0]LogStats: UGameplayTagsManager::ConstructGameplayTagTree: ImportINI -  0.000 s
[2019.01.03-08.28.02:578][  0]LogStats: UGameplayTagsManager::ConstructGameplayTagTree: GameplayTagTreeChangedEvent.Broadcast -  0.000 s
[2019.01.03-08.28.02:968][  0]LogInit: Initializing FReadOnlyCVARCache
[2019.01.03-08.28.03:496][  0]LogAIModule: Creating AISystem for world Untitled
[2019.01.03-08.28.03:651][  0]LogInit: XAudio2 using 'Lautsprecher/Kopfhörer (Realtek High Definition Audio)' : 2 channels at 48 kHz using 16 bits per sample (channel mask 0x3)
[2019.01.03-08.28.03:753][  0]LogInit: FAudioDevice initialized.
[2019.01.03-08.28.03:753][  0]LogNetVersion: Set ProjectVersion to 1.0.0.0. Version Checksum will be recalculated on next use.
[2019.01.03-08.28.05:084][  0]LogDerivedDataCache: Saved boot cache 1.33s 86MB C:/Users/Josefine/AppData/Local/UnrealEngine/4.21/DerivedDataCache/Boot.ddc.
[2019.01.03-08.28.05:137][  0]LogInit: Texture streaming: Enabled
[2019.01.03-08.28.06:511][  0]LogEngineSessionManager: EngineSessionManager initialized
[2019.01.03-08.28.07:705][  0]LogInit: Transaction tracking system initialized
[2019.01.03-08.28.09:439][  0]BlueprintLog: New page: Editor Load
[2019.01.03-08.28.13:514][  0]LocalizationService: Localization service is disabled
[2019.01.03-08.28.19:574][  0]LogFileCache: Scanning file cache for directory 'C:/Users/Josefine/studium/semester5/gameEngines_projects/gameEngines_2/physicsSim/Content/' took 0.01s
[2019.01.03-08.28.19:574][  0]LogCook: Display: Max memory allowance for cook 16384mb min free memory 0mb
[2019.01.03-08.28.19:574][  0]LogCook: Display: Mobile HDR setting 1
[2019.01.03-08.28.19:706][  0]LogGameplayTags: Display: UGameplayTagsManager::DoneAddingNativeTags. DelegateIsBound: 0
[2019.01.03-08.28.19:706][  0]LogStats: UGameplayTagsManager::ConstructGameplayTagTree: ImportINI prefixes -  0.000 s
[2019.01.03-08.28.19:706][  0]LogStats: UGameplayTagsManager::ConstructGameplayTagTree: Construct from data asset -  0.000 s
[2019.01.03-08.28.19:707][  0]LogStats: UGameplayTagsManager::ConstructGameplayTagTree: ImportINI -  0.001 s
[2019.01.03-08.28.19:707][  0]LogStats: UGameplayTagsManager::ConstructGameplayTagTree: GameplayTagTreeChangedEvent.Broadcast -  0.000 s
[2019.01.03-08.28.27:188][  0]SourceControl: Source control is disabled
[2019.01.03-08.28.27:189][  0]Cmd: MAP LOAD FILE="../../../Engine/Content/Maps/Templates/Template_Default.umap" TEMPLATE=1 SHOWPROGRESS=1 FEATURELEVEL=3
[2019.01.03-08.28.27:191][  0]LightingResults: New page: Lighting Build
[2019.01.03-08.28.27:232][  0]MapCheck: New page: Map Check
[2019.01.03-08.28.27:232][  0]LightingResults: New page: Lighting Build
[2019.01.03-08.28.27:842][  0]LogAIModule: Creating AISystem for world Untitled_1
[2019.01.03-08.28.27:863][  0]LogEditorServer: Finished looking for orphan Actors (0.000 secs)
[2019.01.03-08.28.27:896][  0]Cmd: MAP CHECKDEP NOCLEARLOG
[2019.01.03-08.28.27:897][  0]MapCheck: Map check complete: 0 Error(s), 0 Warning(s), took 0.38ms to complete.
[2019.01.03-08.28.27:897][  0]LogFileHelpers: Loading map 'Template_Default' took 0.708
[2019.01.03-08.28.32:985][  0]LogSlate: Updating window title bar state: overlay mode, drag disabled, window buttons hidden, title bar hidden
[2019.01.03-08.28.33:244][  0]LogSlate: Updating window title bar state: overlay mode, drag disabled, window buttons hidden, title bar hidden
[2019.01.03-08.28.33:262][  0]LogSlate: Updating window title bar state: overlay mode, drag disabled, window buttons hidden, title bar hidden
[2019.01.03-08.28.33:275][  0]LogSlate: Updating window title bar state: overlay mode, drag disabled, window buttons hidden, title bar hidden
[2019.01.03-08.28.33:985][  0]LogCollectionManager: Loaded 0 collections in 0.004763 seconds
[2019.01.03-08.28.36:225][  0]LogFileCache: Scanning file cache for directory 'C:/Users/Josefine/studium/semester5/gameEngines_projects/gameEngines_2/physicsSim/Saved/Collections/' took 0.01s
[2019.01.03-08.28.36:225][  0]LogFileCache: Scanning file cache for directory 'C:/Users/Josefine/studium/semester5/gameEngines_projects/gameEngines_2/physicsSim/Content/Developers/Josefine/Collections/' took 0.01s
[2019.01.03-08.28.36:225][  0]LogFileCache: Scanning file cache for directory 'C:/Users/Josefine/studium/semester5/gameEngines_projects/gameEngines_2/physicsSim/Content/Collections/' took 0.01s
[2019.01.03-08.28.36:225][  0]LogCollectionManager: Rebuilt the GUID cache for 0 collections in 0.000001 seconds
[2019.01.03-08.28.36:668][  0]LogContentBrowser: Native class hierarchy populated in 0.2297 seconds. Added 2651 classes and 620 folders.
[2019.01.03-08.28.37:537][  0]LogContentBrowser: Native class hierarchy updated for 'WidgetCarousel' in 0.0015 seconds. Added 0 classes and 0 folders.
[2019.01.03-08.28.38:143][  0]LogPakFile: Registered encryption key '00000000000000000000000000000000': 0 pak files mounted, 0 remain pending
[2019.01.03-08.28.38:856][  0]LogPakFile: Registered encryption key '00000000000000000000000000000000': 0 pak files mounted, 0 remain pending
[2019.01.03-08.28.38:880][  0]LogPakFile: Registered encryption key '00000000000000000000000000000000': 0 pak files mounted, 0 remain pending
[2019.01.03-08.28.38:968][  0]LogPakFile: Registered encryption key '00000000000000000000000000000000': 0 pak files mounted, 0 remain pending
[2019.01.03-08.28.39:050][  0]LogPakFile: Registered encryption key '00000000000000000000000000000000': 0 pak files mounted, 0 remain pending
[2019.01.03-08.28.39:103][  0]LogPakFile: Registered encryption key '00000000000000000000000000000000': 0 pak files mounted, 0 remain pending
[2019.01.03-08.28.39:273][  0]LogPakFile: Registered encryption key '00000000000000000000000000000000': 0 pak files mounted, 0 remain pending
[2019.01.03-08.28.39:306][  0]LogPakFile: Registered encryption key '00000000000000000000000000000000': 0 pak files mounted, 0 remain pending
[2019.01.03-08.28.39:357][  0]LogPakFile: Registered encryption key '00000000000000000000000000000000': 0 pak files mounted, 0 remain pending
[2019.01.03-08.28.39:592][  0]LogPakFile: Registered encryption key '00000000000000000000000000000000': 0 pak files mounted, 0 remain pending
[2019.01.03-08.28.39:608][  0]LogPakFile: Registered encryption key '00000000000000000000000000000000': 0 pak files mounted, 0 remain pending
[2019.01.03-08.28.39:679][  0]LogPakFile: Registered encryption key '00000000000000000000000000000000': 0 pak files mounted, 0 remain pending
[2019.01.03-08.28.39:702][  0]LogPakFile: Registered encryption key '00000000000000000000000000000000': 0 pak files mounted, 0 remain pending
[2019.01.03-08.28.39:798][  0]LogPakFile: Registered encryption key '00000000000000000000000000000000': 0 pak files mounted, 0 remain pending
[2019.01.03-08.28.39:841][  0]LogPakFile: Registered encryption key '00000000000000000000000000000000': 0 pak files mounted, 0 remain pending
[2019.01.03-08.28.39:867][  0]LogPakFile: Registered encryption key '00000000000000000000000000000000': 0 pak files mounted, 0 remain pending
[2019.01.03-08.28.39:982][  0]LogPakFile: Registered encryption key '00000000000000000000000000000000': 0 pak files mounted, 0 remain pending
[2019.01.03-08.28.40:000][  0]LogPakFile: Registered encryption key '00000000000000000000000000000000': 0 pak files mounted, 0 remain pending
[2019.01.03-08.28.40:039][  0]LogPakFile: Registered encryption key '00000000000000000000000000000000': 0 pak files mounted, 0 remain pending
[2019.01.03-08.28.40:049][  0]LogPakFile: Registered encryption key '00000000000000000000000000000000': 0 pak files mounted, 0 remain pending
[2019.01.03-08.28.40:068][  0]LogPakFile: Registered encryption key '00000000000000000000000000000000': 0 pak files mounted, 0 remain pending
[2019.01.03-08.28.40:271][  0]LogPakFile: Registered encryption key '00000000000000000000000000000000': 0 pak files mounted, 0 remain pending
[2019.01.03-08.28.40:467][  0]LogPakFile: Registered encryption key '00000000000000000000000000000000': 0 pak files mounted, 0 remain pending
[2019.01.03-08.28.40:508][  0]LogPakFile: Registered encryption key '00000000000000000000000000000000': 0 pak files mounted, 0 remain pending
[2019.01.03-08.28.40:631][  0]LogPakFile: Registered encryption key '00000000000000000000000000000000': 0 pak files mounted, 0 remain pending
[2019.01.03-08.28.40:706][  0]LogPakFile: Registered encryption key '00000000000000000000000000000000': 0 pak files mounted, 0 remain pending
[2019.01.03-08.28.47:613][  0]LogContentBrowser: Native class hierarchy updated for 'AddContentDialog' in 0.0004 seconds. Added 0 classes and 0 folders.
[2019.01.03-08.28.48:212][  0]LogContentBrowser: Native class hierarchy updated for 'SceneOutliner' in 0.0015 seconds. Added 1 classes and 2 folders.
[2019.01.03-08.28.52:651][  0]LogSlate: Took 0.098794 seconds to synchronously load lazily loaded font '../../../Engine/Content/Slate/Fonts/Roboto-Regular.ttf' (155K)
[2019.01.03-08.28.52:685][  0]LogSlate: Took 0.026219 seconds to synchronously load lazily loaded font '../../../Engine/Content/Slate/Fonts/Roboto-Bold.ttf' (160K)
[2019.01.03-08.28.53:420][  0]LogSlate: Took 0.131046 seconds to synchronously load lazily loaded font '../../../Engine/Content/Editor/Slate/Fonts/FontAwesome.ttf' (139K)
[2019.01.03-08.28.56:519][  0]LogRenderer: Reallocating scene render targets to support 856x372 Format 10 NumSamples 1 (Frame:1).
[2019.01.03-08.29.01:211][  0]LogSlate: FSceneViewport::OnFocusLost() reason 2
[2019.01.03-08.29.01:460][  0]LogSlate: Window 'Tutorials' being destroyed
[2019.01.03-08.29.01:852][  0]LogContentBrowser: Native class hierarchy updated for 'HierarchicalLODOutliner' in 0.0006 seconds. Added 0 classes and 0 folders.
[2019.01.03-08.29.01:852][  0]LogLoad: (Engine Initialization) Total time: 277.25 seconds
[2019.01.03-08.29.01:852][  0]LogLoad: (Engine Initialization) Total Blueprint compile time: 0.01 seconds
[2019.01.03-08.29.02:527][  0]LogContentStreaming: Texture pool size now 1000 MB
[2019.01.03-08.29.04:337][  4]LogAssetRegistry: Asset discovery search completed in 195.1533 seconds
[2019.01.03-08.29.04:341][  4]LogCollectionManager: Rebuilt the object cache for 0 collections in 0.000000 seconds (found 0 objects)
[2019.01.03-08.29.04:341][  4]LogCollectionManager: Fixed up redirectors for 0 collections in 0.000079 seconds (updated 0 objects)
[2019.01.03-08.29.12:060][357]LogSlate: FSceneViewport::OnFocusLost() reason 2
[2019.01.03-08.29.14:740][502]LogSlate: FSceneViewport::OnFocusLost() reason 2
[2019.01.03-08.29.39:388][502]LogTemp: Executing iPhonePackager certificates Engine -bundlename com.YourCompany.physicsSim
[2019.01.03-08.29.39:388][502]LogTemp: CWD: C:\Program Files\Epic Games\UE_4.21\Engine\Binaries\DotNET\IOS
[2019.01.03-08.29.39:388][502]LogTemp: Initial Dir: C:\Program Files\Epic Games\UE_4.21
[2019.01.03-08.29.39:388][502]LogTemp: Env CWD: C:\Program Files\Epic Games\UE_4.21\Engine\Binaries\DotNET\IOS
[2019.01.03-08.29.39:388][502]LogTemp: BranchPath = VAIO/C/Program Files/Epic Games/UE_4.21/Engine/Binaries --- GameBranchPath = VAIO/C/Program Files/Epic Games/UE_4.21/Engine/Binaries
[2019.01.03-08.29.39:388][502]LogSlate: Only BGRA pngs, bmps or icos are supported in by External Image Picker
[2019.01.03-08.29.40:802][503]LogTemp: IPP ERROR: Could not find provision directory 'C:\Users\Josefine\AppData\Local/Apple Computer/MobileDevice/Provisioning Profiles/'.
[2019.01.03-08.32.32:330][341]LogSlate: Window 'Tutorials' being destroyed
[2019.01.03-08.32.32:892][373]LogSlate: FSceneViewport::OnFocusLost() reason 0
[2019.01.03-08.32.34:338][447]LogSlate: Window 'Tutorials' being destroyed
[2019.01.03-08.32.34:343][447]LogSlate: Window 'Tutorials' being destroyed
[2019.01.03-08.33.08:331][458]LogSlate: FSceneViewport::OnFocusLost() reason 0
[2019.01.03-08.33.08:447][465]LogSlate: Window 'Project Settings' being destroyed
[2019.01.03-08.33.08:452][465]LogSlate: Window 'Project Settings' being destroyed
[2019.01.03-08.33.12:392][686]LogEditorViewport: Clicking on Actor (LMB): BP_Sky_Sphere_C (Sky Sphere)
[2019.01.03-08.33.13:271][690]LogSlate: FSceneViewport::OnFocusLost() reason 2
[2019.01.03-08.33.30:874][708]LogSlate: FSceneViewport::OnFocusLost() reason 0
[2019.01.03-08.33.30:989][715]LogTemp: Repeating last play command: Selected Viewport
[2019.01.03-08.33.31:076][715]LogBlueprintUserMessages: Early PlayInEditor Detection: Level '/Temp/Untitled_1.Untitled_1:PersistentLevel' has LevelScriptBlueprint '/Temp/Untitled_1.Untitled_1:PersistentLevel.Untitled' with GeneratedClass '/Temp/Untitled_1.Untitled_C' with ClassGeneratedBy '/Temp/Untitled_1.Untitled_1:PersistentLevel.Untitled'
[2019.01.03-08.33.31:129][715]LogPlayLevel: PlayLevel: No blueprints needed recompiling
[2019.01.03-08.33.31:273][715]PIE: New page: PIE session: Untitled_1 (Jan 3, 2019, 10:33:31 AM)
[2019.01.03-08.33.31:347][715]LogPlayLevel: Creating play world package: /Temp/UEDPIE_0_Untitled_1
[2019.01.03-08.33.31:400][715]LogPlayLevel: PIE: StaticDuplicateObject took: (0.052023s)
[2019.01.03-08.33.31:420][715]LogAIModule: Creating AISystem for world Untitled_1
[2019.01.03-08.33.31:421][715]LogPlayLevel: PIE: World Init took: (0.003653s)
[2019.01.03-08.33.31:422][715]LogPlayLevel: PIE: Created PIE world by copying editor world from /Temp/Untitled_1.Untitled_1 to /Temp/UEDPIE_0_Untitled_1.Untitled_1 (0.074515s)
[2019.01.03-08.33.31:547][715]LogInit: XAudio2 using 'Lautsprecher/Kopfhörer (Realtek High Definition Audio)' : 2 channels at 48 kHz using 16 bits per sample (channel mask 0x3)
[2019.01.03-08.33.31:613][715]LogInit: FAudioDevice initialized.
[2019.01.03-08.33.31:735][715]LogLoad: Game class is 'GameModeBase'
[2019.01.03-08.33.31:960][715]LogWorld: Bringing World /Temp/UEDPIE_0_Untitled_1.Untitled_1 up for play (max tick rate 60) at 2019.01.03-09.33.31
[2019.01.03-08.33.31:961][715]LogWorld: Bringing up level for play took: 0.018560
[2019.01.03-08.33.32:326][715]LogContentBrowser: Native class hierarchy updated for 'MovieSceneCapture' in 0.0011 seconds. Added 20 classes and 0 folders.
[2019.01.03-08.33.32:509][715]PIE: Play in editor start time for /Temp/UEDPIE_0_Untitled_1 2.416
[2019.01.03-08.33.32:510][715]LogBlueprintUserMessages: Late PlayInEditor Detection: Level '/Temp/Untitled_1.Untitled_1:PersistentLevel' has LevelScriptBlueprint '/Temp/Untitled_1.Untitled_1:PersistentLevel.Untitled' with GeneratedClass '/Temp/Untitled_1.Untitled_C' with ClassGeneratedBy '/Temp/Untitled_1.Untitled_1:PersistentLevel.Untitled'
[2019.01.03-08.33.58:867][262]LogBlueprintUserMessages: Early EndPlayMap Detection: Level '/Temp/Untitled_1.Untitled_1:PersistentLevel' has LevelScriptBlueprint '/Temp/Untitled_1.Untitled_1:PersistentLevel.Untitled' with GeneratedClass '/Temp/Untitled_1.Untitled_C' with ClassGeneratedBy '/Temp/Untitled_1.Untitled_1:PersistentLevel.Untitled'
[2019.01.03-08.33.58:970][262]LogSlate: Updating window title bar state: overlay mode, drag disabled, window buttons hidden, title bar hidden
[2019.01.03-08.33.59:076][262]LogPlayLevel: Display: Shutting down PIE online subsystems
[2019.01.03-08.33.59:077][262]LogBlueprintUserMessages: Late EndPlayMap Detection: Level '/Temp/Untitled_1.Untitled_1:PersistentLevel' has LevelScriptBlueprint '/Temp/Untitled_1.Untitled_1:PersistentLevel.Untitled' with GeneratedClass '/Temp/Untitled_1.Untitled_C' with ClassGeneratedBy '/Temp/Untitled_1.Untitled_1:PersistentLevel.Untitled'
[2019.01.03-08.33.59:155][262]LogSlate: Updating window title bar state: overlay mode, drag disabled, window buttons hidden, title bar hidden
[2019.01.03-08.33.59:318][263]LogPlayLevel: Display: Destroying online subsystem :Context_2
[2019.01.03-08.34.10:337][884]LogSlate: FSceneViewport::OnFocusLost() reason 2
[2019.01.03-08.34.10:612][899]LogSlate: FSceneViewport::OnFocusLost() reason 2
[2019.01.03-08.34.13:829][ 89]LogSlate: FSceneViewport::OnFocusLost() reason 2
[2019.01.03-08.34.15:037][160]LogSlate: FSceneViewport::OnFocusLost() reason 2
[2019.01.03-08.34.15:101][161]LogSlate: FSceneViewport::OnFocusLost() reason 2
[2019.01.03-08.35.01:520][781]LogSlate: FSceneViewport::OnFocusLost() reason 0
[2019.01.03-08.35.02:170][793]LogRenderer: Reallocating scene render targets to support 860x372 Format 10 NumSamples 1 (Frame:15228).
[2019.01.03-08.35.44:077][106]LogSlate: FSceneViewport::OnFocusLost() reason 0
[2019.01.03-08.37.30:435][235]LogTemp: Repeating last play command: Selected Viewport
[2019.01.03-08.37.30:452][235]LogBlueprintUserMessages: Early PlayInEditor Detection: Level '/Temp/Untitled_1.Untitled_1:PersistentLevel' has LevelScriptBlueprint '/Temp/Untitled_1.Untitled_1:PersistentLevel.Untitled' with GeneratedClass '/Temp/Untitled_1.Untitled_C' with ClassGeneratedBy '/Temp/Untitled_1.Untitled_1:PersistentLevel.Untitled'
[2019.01.03-08.37.30:452][235]LogPlayLevel: PlayLevel: No blueprints needed recompiling
[2019.01.03-08.37.30:452][235]PIE: New page: PIE session: Untitled_1 (Jan 3, 2019, 10:37:30 AM)
[2019.01.03-08.37.30:453][235]LogPlayLevel: Creating play world package: /Temp/UEDPIE_0_Untitled_1
[2019.01.03-08.37.30:458][235]LogPlayLevel: PIE: StaticDuplicateObject took: (0.004820s)
[2019.01.03-08.37.30:459][235]LogAIModule: Creating AISystem for world Untitled_1
[2019.01.03-08.37.30:460][235]LogPlayLevel: PIE: World Init took: (0.002156s)
[2019.01.03-08.37.30:460][235]LogPlayLevel: PIE: Created PIE world by copying editor world from /Temp/Untitled_1.Untitled_1 to /Temp/UEDPIE_0_Untitled_1.Untitled_1 (0.007199s)
[2019.01.03-08.37.30:526][235]LogInit: XAudio2 using 'Lautsprecher/Kopfhörer (Realtek High Definition Audio)' : 2 channels at 48 kHz using 16 bits per sample (channel mask 0x3)
[2019.01.03-08.37.30:554][235]LogInit: FAudioDevice initialized.
[2019.01.03-08.37.30:611][235]LogLoad: Game class is 'GameModeBase'
[2019.01.03-08.37.30:614][235]LogWorld: Bringing World /Temp/UEDPIE_0_Untitled_1.Untitled_1 up for play (max tick rate 60) at 2019.01.03-09.37.30
[2019.01.03-08.37.30:614][235]LogWorld: Bringing up level for play took: 0.002049
[2019.01.03-08.37.30:633][235]PIE: Play in editor start time for /Temp/UEDPIE_0_Untitled_1 0.54
[2019.01.03-08.37.30:633][235]LogBlueprintUserMessages: Late PlayInEditor Detection: Level '/Temp/Untitled_1.Untitled_1:PersistentLevel' has LevelScriptBlueprint '/Temp/Untitled_1.Untitled_1:PersistentLevel.Untitled' with GeneratedClass '/Temp/Untitled_1.Untitled_C' with ClassGeneratedBy '/Temp/Untitled_1.Untitled_1:PersistentLevel.Untitled'
[2019.01.03-08.37.34:212][443]LogBlueprintUserMessages: Early EndPlayMap Detection: Level '/Temp/Untitled_1.Untitled_1:PersistentLevel' has LevelScriptBlueprint '/Temp/Untitled_1.Untitled_1:PersistentLevel.Untitled' with GeneratedClass '/Temp/Untitled_1.Untitled_C' with ClassGeneratedBy '/Temp/Untitled_1.Untitled_1:PersistentLevel.Untitled'
[2019.01.03-08.37.34:212][443]LogSlate: Updating window title bar state: overlay mode, drag disabled, window buttons hidden, title bar hidden
[2019.01.03-08.37.34:251][443]LogPlayLevel: Display: Shutting down PIE online subsystems
[2019.01.03-08.37.34:251][443]LogBlueprintUserMessages: Late EndPlayMap Detection: Level '/Temp/Untitled_1.Untitled_1:PersistentLevel' has LevelScriptBlueprint '/Temp/Untitled_1.Untitled_1:PersistentLevel.Untitled' with GeneratedClass '/Temp/Untitled_1.Untitled_C' with ClassGeneratedBy '/Temp/Untitled_1.Untitled_1:PersistentLevel.Untitled'
[2019.01.03-08.37.34:283][443]LogSlate: Updating window title bar state: overlay mode, drag disabled, window buttons hidden, title bar hidden
[2019.01.03-08.37.34:314][445]LogPlayLevel: Display: Destroying online subsystem :Context_3
[2019.01.03-08.37.46:090][140]LogEditorActor: Deleted Actor: PlayerStart
[2019.01.03-08.37.46:165][140]LogEditorActor: Deleted 1 Actors (0.163 secs)
[2019.01.03-08.38.05:421][277]Cmd: BRUSH ADD SELECTNEWBRUSH
[2019.01.03-08.38.24:088][350]LogEditorViewport: Clicking on Actor (LMB): BP_Sky_Sphere_C (Sky Sphere)
[2019.01.03-08.38.39:256][220]LogEditorViewport: Clicking on Actor (LMB): BP_Sky_Sphere_C (Sky Sphere)
[2019.01.03-08.38.41:327][339]Cmd: TRANSACTION UNDO
[2019.01.03-08.38.41:327][339]LogEditorTransaction: Undo Clicking on Actors
[2019.01.03-08.38.41:411][339]LogSlate: Took 0.001237 seconds to synchronously load lazily loaded font '../../../Engine/Content/Slate/Fonts/Roboto-Light.ttf' (167K)
[2019.01.03-08.38.54:547][100]LogEditorViewport: Clicking on Actor (LMB): StaticMeshActor (Floor)
[2019.01.03-08.39.03:194][576]LogSlate: FSceneViewport::OnFocusLost() reason 0
[2019.01.03-08.39.08:961][917]LogEditorActor: Deleted Actor: Brush
[2019.01.03-08.39.09:019][917]LogEditorActor: Deleted 1 Actors (0.064 secs)
[2019.01.03-08.39.14:667][253]LogActorFactory: Actor Factory created Cube
[2019.01.03-08.39.15:297][287]LogActorFactory: Actor Factory created Cube
[2019.01.03-08.39.47:195][160]LogSlate: FSceneViewport::OnFocusLost() reason 0
[2019.01.03-08.41.23:461][371]LogSlate: Window 'Select Path' being destroyed
[2019.01.03-08.41.23:973][371]LogAssetEditorManager: Opening Asset editor for Blueprint /Game/moveCube.moveCube
[2019.01.03-08.41.25:608][371]LogContentBrowser: Native class hierarchy updated for 'BlueprintGraph' in 0.0024 seconds. Added 117 classes and 0 folders.
[2019.01.03-08.41.29:236][371]LogSlate: Took 0.000973 seconds to synchronously load lazily loaded font '../../../Engine/Content/Slate/Fonts/Roboto-Light.ttf' (167K)
[2019.01.03-08.41.34:307][585]LogRenderer: Reallocating scene render targets to support 860x588 Format 10 NumSamples 1 (Frame:210).
[2019.01.03-08.41.37:684][706]LogSlate: Window 'Tutorials' being destroyed
[2019.01.03-08.42.42:323][255]LogSlate: Took 0.023008 seconds to synchronously load lazily loaded font '../../../Engine/Content/Slate/Fonts/Roboto-BoldCondensed.ttf' (158K)
[2019.01.03-08.43.25:796][518]LogSlate: Took 0.018107 seconds to synchronously load lazily loaded font '../../../Engine/Content/Slate/Fonts/Roboto-Italic.ttf' (157K)
[2019.01.03-08.47.35:593][537]BlueprintLog: New page: Compile moveCube
[2019.01.03-08.47.42:117][845]LogTemp: Repeating last play command: Selected Viewport
[2019.01.03-08.47.42:134][845]LogBlueprintUserMessages: Early PlayInEditor Detection: Level '/Temp/Untitled_1.Untitled_1:PersistentLevel' has LevelScriptBlueprint '/Temp/Untitled_1.Untitled_1:PersistentLevel.Untitled' with GeneratedClass '/Temp/Untitled_1.Untitled_C' with ClassGeneratedBy '/Temp/Untitled_1.Untitled_1:PersistentLevel.Untitled'
[2019.01.03-08.47.42:134][845]LogPlayLevel: PlayLevel: No blueprints needed recompiling
[2019.01.03-08.47.42:134][845]PIE: New page: PIE session: Untitled_1 (Jan 3, 2019, 10:47:42 AM)
[2019.01.03-08.47.42:134][845]LogPlayLevel: Creating play world package: /Temp/UEDPIE_0_Untitled_1
[2019.01.03-08.47.42:138][845]LogPlayLevel: PIE: StaticDuplicateObject took: (0.004035s)
[2019.01.03-08.47.42:140][845]LogAIModule: Creating AISystem for world Untitled_1
[2019.01.03-08.47.42:141][845]LogPlayLevel: PIE: World Init took: (0.002104s)
[2019.01.03-08.47.42:141][845]LogPlayLevel: PIE: Created PIE world by copying editor world from /Temp/Untitled_1.Untitled_1 to /Temp/UEDPIE_0_Untitled_1.Untitled_1 (0.006459s)
[2019.01.03-08.47.42:194][845]LogInit: XAudio2 using 'Lautsprecher/Kopfhörer (Realtek High Definition Audio)' : 2 channels at 48 kHz using 16 bits per sample (channel mask 0x3)
[2019.01.03-08.47.42:225][845]LogInit: FAudioDevice initialized.
[2019.01.03-08.47.42:260][845]LogLoad: Game class is 'GameModeBase'
[2019.01.03-08.47.42:262][845]LogWorld: Bringing World /Temp/UEDPIE_0_Untitled_1.Untitled_1 up for play (max tick rate 60) at 2019.01.03-09.47.42
[2019.01.03-08.47.42:262][845]LogWorld: Bringing up level for play took: 0.000874
[2019.01.03-08.47.42:276][845]PIE: Play in editor start time for /Temp/UEDPIE_0_Untitled_1 0.183
[2019.01.03-08.47.42:276][845]LogBlueprintUserMessages: Late PlayInEditor Detection: Level '/Temp/Untitled_1.Untitled_1:PersistentLevel' has LevelScriptBlueprint '/Temp/Untitled_1.Untitled_1:PersistentLevel.Untitled' with GeneratedClass '/Temp/Untitled_1.Untitled_C' with ClassGeneratedBy '/Temp/Untitled_1.Untitled_1:PersistentLevel.Untitled'
[2019.01.03-08.47.46:951][114]LogBlueprintUserMessages: Early EndPlayMap Detection: Level '/Temp/Untitled_1.Untitled_1:PersistentLevel' has LevelScriptBlueprint '/Temp/Untitled_1.Untitled_1:PersistentLevel.Untitled' with GeneratedClass '/Temp/Untitled_1.Untitled_C' with ClassGeneratedBy '/Temp/Untitled_1.Untitled_1:PersistentLevel.Untitled'
[2019.01.03-08.47.46:951][114]LogSlate: Updating window title bar state: overlay mode, drag disabled, window buttons hidden, title bar hidden
[2019.01.03-08.47.46:996][114]LogPlayLevel: Display: Shutting down PIE online subsystems
[2019.01.03-08.47.46:997][114]LogBlueprintUserMessages: Late EndPlayMap Detection: Level '/Temp/Untitled_1.Untitled_1:PersistentLevel' has LevelScriptBlueprint '/Temp/Untitled_1.Untitled_1:PersistentLevel.Untitled' with GeneratedClass '/Temp/Untitled_1.Untitled_C' with ClassGeneratedBy '/Temp/Untitled_1.Untitled_1:PersistentLevel.Untitled'
[2019.01.03-08.47.47:086][114]LogSlate: Updating window title bar state: overlay mode, drag disabled, window buttons hidden, title bar hidden
[2019.01.03-08.47.47:113][115]LogPlayLevel: Display: Destroying online subsystem :Context_7
[2019.01.03-08.48.04:485][983]BlueprintLog: New page: Compile moveCube
[2019.01.03-08.48.05:164][983]Cmd: OBJ SAVEPACKAGE PACKAGE="/Game/moveCube" FILE="../../../../../../Users/Josefine/studium/semester5/gameEngines_projects/gameEngines_2/physicsSim/Content/moveCube.uasset" SILENT=true
[2019.01.03-08.48.05:377][983]LogSavePackage: Moving '../../../../../../Users/Josefine/studium/semester5/gameEngines_projects/gameEngines_2/physicsSim/Saved/moveCube2AE81F5A48514D5176CC72A7F0F9EABF.tmp' to '../../../../../../Users/Josefine/studium/semester5/gameEngines_projects/gameEngines_2/physicsSim/Content/moveCube.uasset'
[2019.01.03-08.48.16:083][486]LogTemp: Repeating last play command: Selected Viewport
[2019.01.03-08.48.16:121][486]LogBlueprintUserMessages: Early PlayInEditor Detection: Level '/Temp/Untitled_1.Untitled_1:PersistentLevel' has LevelScriptBlueprint '/Temp/Untitled_1.Untitled_1:PersistentLevel.Untitled' with GeneratedClass '/Temp/Untitled_1.Untitled_C' with ClassGeneratedBy '/Temp/Untitled_1.Untitled_1:PersistentLevel.Untitled'
[2019.01.03-08.48.16:122][486]LogPlayLevel: PlayLevel: No blueprints needed recompiling
[2019.01.03-08.48.16:122][486]PIE: New page: PIE session: Untitled_1 (Jan 3, 2019, 10:48:16 AM)
[2019.01.03-08.48.16:122][486]LogPlayLevel: Creating play world package: /Temp/UEDPIE_0_Untitled_1
[2019.01.03-08.48.16:132][486]LogPlayLevel: PIE: StaticDuplicateObject took: (0.009459s)
[2019.01.03-08.48.16:134][486]LogAIModule: Creating AISystem for world Untitled_1
[2019.01.03-08.48.16:134][486]LogPlayLevel: PIE: World Init took: (0.002131s)
[2019.01.03-08.48.16:134][486]LogPlayLevel: PIE: Created PIE world by copying editor world from /Temp/Untitled_1.Untitled_1 to /Temp/UEDPIE_0_Untitled_1.Untitled_1 (0.012041s)
[2019.01.03-08.48.16:211][486]LogInit: XAudio2 using 'Lautsprecher/Kopfhörer (Realtek High Definition Audio)' : 2 channels at 48 kHz using 16 bits per sample (channel mask 0x3)
[2019.01.03-08.48.16:256][486]LogInit: FAudioDevice initialized.
[2019.01.03-08.48.16:301][486]LogLoad: Game class is 'GameModeBase'
[2019.01.03-08.48.16:303][486]LogWorld: Bringing World /Temp/UEDPIE_0_Untitled_1.Untitled_1 up for play (max tick rate 60) at 2019.01.03-09.48.16
[2019.01.03-08.48.16:304][486]LogWorld: Bringing up level for play took: 0.001851
[2019.01.03-08.48.16:320][486]PIE: Play in editor start time for /Temp/UEDPIE_0_Untitled_1 0.226
[2019.01.03-08.48.16:320][486]LogBlueprintUserMessages: Late PlayInEditor Detection: Level '/Temp/Untitled_1.Untitled_1:PersistentLevel' has LevelScriptBlueprint '/Temp/Untitled_1.Untitled_1:PersistentLevel.Untitled' with GeneratedClass '/Temp/Untitled_1.Untitled_C' with ClassGeneratedBy '/Temp/Untitled_1.Untitled_1:PersistentLevel.Untitled'
[2019.01.03-08.48.27:260][ 77]LogBlueprintUserMessages: Early EndPlayMap Detection: Level '/Temp/Untitled_1.Untitled_1:PersistentLevel' has LevelScriptBlueprint '/Temp/Untitled_1.Untitled_1:PersistentLevel.Untitled' with GeneratedClass '/Temp/Untitled_1.Untitled_C' with ClassGeneratedBy '/Temp/Untitled_1.Untitled_1:PersistentLevel.Untitled'
[2019.01.03-08.48.27:261][ 77]LogSlate: Updating window title bar state: overlay mode, drag disabled, window buttons hidden, title bar hidden
[2019.01.03-08.48.27:314][ 77]LogPlayLevel: Display: Shutting down PIE online subsystems
[2019.01.03-08.48.27:314][ 77]LogBlueprintUserMessages: Late EndPlayMap Detection: Level '/Temp/Untitled_1.Untitled_1:PersistentLevel' has LevelScriptBlueprint '/Temp/Untitled_1.Untitled_1:PersistentLevel.Untitled' with GeneratedClass '/Temp/Untitled_1.Untitled_C' with ClassGeneratedBy '/Temp/Untitled_1.Untitled_1:PersistentLevel.Untitled'
[2019.01.03-08.48.27:399][ 77]LogSlate: Updating window title bar state: overlay mode, drag disabled, window buttons hidden, title bar hidden
[2019.01.03-08.48.27:450][ 78]LogPlayLevel: Display: Destroying online subsystem :Context_8
[2019.01.03-08.48.30:615][228]LogSlate: FSceneViewport::OnFocusLost() reason 0
[2019.01.03-08.48.30:716][232]LogTemp: Repeating last play command: Selected Viewport
[2019.01.03-08.48.30:758][232]LogBlueprintUserMessages: Early PlayInEditor Detection: Level '/Temp/Untitled_1.Untitled_1:PersistentLevel' has LevelScriptBlueprint '/Temp/Untitled_1.Untitled_1:PersistentLevel.Untitled' with GeneratedClass '/Temp/Untitled_1.Untitled_C' with ClassGeneratedBy '/Temp/Untitled_1.Untitled_1:PersistentLevel.Untitled'
[2019.01.03-08.48.30:759][232]LogPlayLevel: PlayLevel: No blueprints needed recompiling
[2019.01.03-08.48.30:759][232]PIE: New page: PIE session: Untitled_1 (Jan 3, 2019, 10:48:30 AM)
[2019.01.03-08.48.30:759][232]LogPlayLevel: Creating play world package: /Temp/UEDPIE_0_Untitled_1
[2019.01.03-08.48.30:772][232]LogPlayLevel: PIE: StaticDuplicateObject took: (0.011852s)
[2019.01.03-08.48.30:774][232]LogAIModule: Creating AISystem for world Untitled_1
[2019.01.03-08.48.30:775][232]LogPlayLevel: PIE: World Init took: (0.003030s)
[2019.01.03-08.48.30:775][232]LogPlayLevel: PIE: Created PIE world by copying editor world from /Temp/Untitled_1.Untitled_1 to /Temp/UEDPIE_0_Untitled_1.Untitled_1 (0.015590s)
[2019.01.03-08.48.30:913][232]LogInit: XAudio2 using 'Lautsprecher/Kopfhörer (Realtek High Definition Audio)' : 2 channels at 48 kHz using 16 bits per sample (channel mask 0x3)
[2019.01.03-08.48.30:995][232]LogInit: FAudioDevice initialized.
[2019.01.03-08.48.31:045][232]LogLoad: Game class is 'GameModeBase'
[2019.01.03-08.48.31:048][232]LogWorld: Bringing World /Temp/UEDPIE_0_Untitled_1.Untitled_1 up for play (max tick rate 60) at 2019.01.03-09.48.31
[2019.01.03-08.48.31:049][232]LogWorld: Bringing up level for play took: 0.002931
[2019.01.03-08.48.31:068][232]PIE: Play in editor start time for /Temp/UEDPIE_0_Untitled_1 0.975
[2019.01.03-08.48.31:069][232]LogBlueprintUserMessages: Late PlayInEditor Detection: Level '/Temp/Untitled_1.Untitled_1:PersistentLevel' has LevelScriptBlueprint '/Temp/Untitled_1.Untitled_1:PersistentLevel.Untitled' with GeneratedClass '/Temp/Untitled_1.Untitled_C' with ClassGeneratedBy '/Temp/Untitled_1.Untitled_1:PersistentLevel.Untitled'
[2019.01.03-08.48.40:846][812]LogBlueprintUserMessages: Early EndPlayMap Detection: Level '/Temp/Untitled_1.Untitled_1:PersistentLevel' has LevelScriptBlueprint '/Temp/Untitled_1.Untitled_1:PersistentLevel.Untitled' with GeneratedClass '/Temp/Untitled_1.Untitled_C' with ClassGeneratedBy '/Temp/Untitled_1.Untitled_1:PersistentLevel.Untitled'
[2019.01.03-08.48.40:847][812]LogSlate: Updating window title bar state: overlay mode, drag disabled, window buttons hidden, title bar hidden
[2019.01.03-08.48.40:888][812]LogPlayLevel: Display: Shutting down PIE online subsystems
[2019.01.03-08.48.40:888][812]LogBlueprintUserMessages: Late EndPlayMap Detection: Level '/Temp/Untitled_1.Untitled_1:PersistentLevel' has LevelScriptBlueprint '/Temp/Untitled_1.Untitled_1:PersistentLevel.Untitled' with GeneratedClass '/Temp/Untitled_1.Untitled_C' with ClassGeneratedBy '/Temp/Untitled_1.Untitled_1:PersistentLevel.Untitled'
[2019.01.03-08.48.40:934][812]LogSlate: Updating window title bar state: overlay mode, drag disabled, window buttons hidden, title bar hidden
[2019.01.03-08.48.40:965][813]LogPlayLevel: Display: Destroying online subsystem :Context_9
[2019.01.03-08.48.51:717][370]LogSlate: FSceneViewport::OnFocusLost() reason 0
[2019.01.03-08.49.28:451][158]LogTemp: Repeating last play command: Selected Viewport
[2019.01.03-08.49.28:474][158]LogBlueprintUserMessages: Early PlayInEditor Detection: Level '/Temp/Untitled_1.Untitled_1:PersistentLevel' has LevelScriptBlueprint '/Temp/Untitled_1.Untitled_1:PersistentLevel.Untitled' with GeneratedClass '/Temp/Untitled_1.Untitled_C' with ClassGeneratedBy '/Temp/Untitled_1.Untitled_1:PersistentLevel.Untitled'
[2019.01.03-08.49.28:474][158]LogPlayLevel: PlayLevel: No blueprints needed recompiling
[2019.01.03-08.49.28:474][158]PIE: New page: PIE session: Untitled_1 (Jan 3, 2019, 10:49:28 AM)
[2019.01.03-08.49.28:474][158]LogPlayLevel: Creating play world package: /Temp/UEDPIE_0_Untitled_1
[2019.01.03-08.49.28:481][158]LogPlayLevel: PIE: StaticDuplicateObject took: (0.007004s)
[2019.01.03-08.49.28:483][158]LogAIModule: Creating AISystem for world Untitled_1
[2019.01.03-08.49.28:483][158]LogPlayLevel: PIE: World Init took: (0.001781s)
[2019.01.03-08.49.28:483][158]LogPlayLevel: PIE: Created PIE world by copying editor world from /Temp/Untitled_1.Untitled_1 to /Temp/UEDPIE_0_Untitled_1.Untitled_1 (0.009098s)
[2019.01.03-08.49.28:560][158]LogInit: XAudio2 using 'Lautsprecher/Kopfhörer (Realtek High Definition Audio)' : 2 channels at 48 kHz using 16 bits per sample (channel mask 0x3)
[2019.01.03-08.49.28:605][158]LogInit: FAudioDevice initialized.
[2019.01.03-08.49.28:645][158]LogLoad: Game class is 'GameModeBase'
[2019.01.03-08.49.28:647][158]LogWorld: Bringing World /Temp/UEDPIE_0_Untitled_1.Untitled_1 up for play (max tick rate 0) at 2019.01.03-09.49.28
[2019.01.03-08.49.28:647][158]LogWorld: Bringing up level for play took: 0.001224
[2019.01.03-08.49.28:662][158]PIE: Play in editor start time for /Temp/UEDPIE_0_Untitled_1 0.57
[2019.01.03-08.49.28:663][158]LogBlueprintUserMessages: Late PlayInEditor Detection: Level '/Temp/Untitled_1.Untitled_1:PersistentLevel' has LevelScriptBlueprint '/Temp/Untitled_1.Untitled_1:PersistentLevel.Untitled' with GeneratedClass '/Temp/Untitled_1.Untitled_C' with ClassGeneratedBy '/Temp/Untitled_1.Untitled_1:PersistentLevel.Untitled'
[2019.01.03-08.49.36:818][737]LogBlueprintUserMessages: Early EndPlayMap Detection: Level '/Temp/Untitled_1.Untitled_1:PersistentLevel' has LevelScriptBlueprint '/Temp/Untitled_1.Untitled_1:PersistentLevel.Untitled' with GeneratedClass '/Temp/Untitled_1.Untitled_C' with ClassGeneratedBy '/Temp/Untitled_1.Untitled_1:PersistentLevel.Untitled'
[2019.01.03-08.49.36:818][737]LogSlate: Updating window title bar state: overlay mode, drag disabled, window buttons hidden, title bar hidden
[2019.01.03-08.49.36:868][737]LogPlayLevel: Display: Shutting down PIE online subsystems
[2019.01.03-08.49.36:868][737]LogBlueprintUserMessages: Late EndPlayMap Detection: Level '/Temp/Untitled_1.Untitled_1:PersistentLevel' has LevelScriptBlueprint '/Temp/Untitled_1.Untitled_1:PersistentLevel.Untitled' with GeneratedClass '/Temp/Untitled_1.Untitled_C' with ClassGeneratedBy '/Temp/Untitled_1.Untitled_1:PersistentLevel.Untitled'
[2019.01.03-08.49.36:938][737]LogSlate: Updating window title bar state: overlay mode, drag disabled, window buttons hidden, title bar hidden
[2019.01.03-08.49.36:982][738]LogPlayLevel: Display: Destroying online subsystem :Context_10
[2019.01.03-08.49.37:949][796]LogSlate: FSceneViewport::OnFocusLost() reason 0
[2019.01.03-08.49.38:065][803]LogTemp: Repeating last play command: Selected Viewport
[2019.01.03-08.49.38:077][803]LogBlueprintUserMessages: Early PlayInEditor Detection: Level '/Temp/Untitled_1.Untitled_1:PersistentLevel' has LevelScriptBlueprint '/Temp/Untitled_1.Untitled_1:PersistentLevel.Untitled' with GeneratedClass '/Temp/Untitled_1.Untitled_C' with ClassGeneratedBy '/Temp/Untitled_1.Untitled_1:PersistentLevel.Untitled'
[2019.01.03-08.49.38:078][803]LogPlayLevel: PlayLevel: No blueprints needed recompiling
[2019.01.03-08.49.38:078][803]PIE: New page: PIE session: Untitled_1 (Jan 3, 2019, 10:49:38 AM)
[2019.01.03-08.49.38:078][803]LogPlayLevel: Creating play world package: /Temp/UEDPIE_0_Untitled_1
[2019.01.03-08.49.38:085][803]LogPlayLevel: PIE: StaticDuplicateObject took: (0.006906s)
[2019.01.03-08.49.38:086][803]LogAIModule: Creating AISystem for world Untitled_1
[2019.01.03-08.49.38:087][803]LogPlayLevel: PIE: World Init took: (0.002107s)
[2019.01.03-08.49.38:087][803]LogPlayLevel: PIE: Created PIE world by copying editor world from /Temp/Untitled_1.Untitled_1 to /Temp/UEDPIE_0_Untitled_1.Untitled_1 (0.009314s)
[2019.01.03-08.49.38:166][803]LogInit: XAudio2 using 'Lautsprecher/Kopfhörer (Realtek High Definition Audio)' : 2 channels at 48 kHz using 16 bits per sample (channel mask 0x3)
[2019.01.03-08.49.38:212][803]LogInit: FAudioDevice initialized.
[2019.01.03-08.49.38:253][803]LogLoad: Game class is 'GameModeBase'
[2019.01.03-08.49.38:254][803]LogWorld: Bringing World /Temp/UEDPIE_0_Untitled_1.Untitled_1 up for play (max tick rate 0) at 2019.01.03-09.49.38
[2019.01.03-08.49.38:255][803]LogWorld: Bringing up level for play took: 0.001513
[2019.01.03-08.49.38:270][803]PIE: Play in editor start time for /Temp/UEDPIE_0_Untitled_1 0.177
[2019.01.03-08.49.38:270][803]LogBlueprintUserMessages: Late PlayInEditor Detection: Level '/Temp/Untitled_1.Untitled_1:PersistentLevel' has LevelScriptBlueprint '/Temp/Untitled_1.Untitled_1:PersistentLevel.Untitled' with GeneratedClass '/Temp/Untitled_1.Untitled_C' with ClassGeneratedBy '/Temp/Untitled_1.Untitled_1:PersistentLevel.Untitled'
[2019.01.03-08.49.46:838][408]LogBlueprintUserMessages: Early EndPlayMap Detection: Level '/Temp/Untitled_1.Untitled_1:PersistentLevel' has LevelScriptBlueprint '/Temp/Untitled_1.Untitled_1:PersistentLevel.Untitled' with GeneratedClass '/Temp/Untitled_1.Untitled_C' with ClassGeneratedBy '/Temp/Untitled_1.Untitled_1:PersistentLevel.Untitled'
[2019.01.03-08.49.46:839][408]LogSlate: Updating window title bar state: overlay mode, drag disabled, window buttons hidden, title bar hidden
[2019.01.03-08.49.46:900][408]LogPlayLevel: Display: Shutting down PIE online subsystems
[2019.01.03-08.49.46:901][408]LogBlueprintUserMessages: Late EndPlayMap Detection: Level '/Temp/Untitled_1.Untitled_1:PersistentLevel' has LevelScriptBlueprint '/Temp/Untitled_1.Untitled_1:PersistentLevel.Untitled' with GeneratedClass '/Temp/Untitled_1.Untitled_C' with ClassGeneratedBy '/Temp/Untitled_1.Untitled_1:PersistentLevel.Untitled'
[2019.01.03-08.49.46:994][408]LogSlate: Updating window title bar state: overlay mode, drag disabled, window buttons hidden, title bar hidden
[2019.01.03-08.49.47:048][409]LogPlayLevel: Display: Destroying online subsystem :Context_11
[2019.01.03-08.50.11:416][865]LogSlate: FSceneViewport::OnFocusLost() reason 2
[2019.01.03-08.54.54:204][672]LogSlate: Took 0.035960 seconds to synchronously load lazily loaded font '../../../Engine/Content/Slate/Fonts/Roboto-BoldCondensedItalic.ttf' (160K)
[2019.01.03-08.55.19:023][757]BlueprintLog: New page: Compile moveCube
[2019.01.03-08.55.19:504][757]Cmd: OBJ SAVEPACKAGE PACKAGE="/Game/moveCube" FILE="../../../../../../Users/Josefine/studium/semester5/gameEngines_projects/gameEngines_2/physicsSim/Content/moveCube.uasset" SILENT=true
[2019.01.03-08.55.19:586][757]LogSavePackage: Moving '../../../../../../Users/Josefine/studium/semester5/gameEngines_projects/gameEngines_2/physicsSim/Saved/moveCube0504AE2A4C18C3CD3EA8698335A1D816.tmp' to '../../../../../../Users/Josefine/studium/semester5/gameEngines_projects/gameEngines_2/physicsSim/Content/moveCube.uasset'
[2019.01.03-08.56.29:989][290]LogSavePackage: Moving '../../../../../../Users/Josefine/studium/semester5/gameEngines_projects/gameEngines_2/physicsSim/Saved/Untitled_1_Auto153A8D42445AFF04C3ED1D2AFE6153E37.tmp' to '../../../../../../Users/Josefine/studium/semester5/gameEngines_projects/gameEngines_2/physicsSim/Saved/Autosaves/Temp/Untitled_1_Auto1.umap'
[2019.01.03-08.56.30:010][290]LogFileHelpers: Editor autosave (incl. sublevels) for '/Temp/Untitled_1' took 0.411
[2019.01.03-08.56.30:010][290]LogFileHelpers: Editor autosave (incl. sublevels) for all levels took 0.411
[2019.01.03-08.56.30:016][290]OBJ SavePackage: Generating thumbnails for [1] asset(s) in package [/Game/moveCube] ([1] browsable assets)...
[2019.01.03-08.56.30:063][290]OBJ SavePackage:     Rendered thumbnail for [Blueprint /Game/moveCube.moveCube]
[2019.01.03-08.56.30:063][290]OBJ SavePackage: Finished generating thumbnails for package [/Game/moveCube]
[2019.01.03-08.56.30:103][290]LogSavePackage: Moving '../../../../../../Users/Josefine/studium/semester5/gameEngines_projects/gameEngines_2/physicsSim/Saved/moveCube_Auto1994B6D5647AD9972303651A09840FA84.tmp' to '../../../../../../Users/Josefine/studium/semester5/gameEngines_projects/gameEngines_2/physicsSim/Saved/Autosaves/Game/moveCube_Auto1.uasset'
[2019.01.03-08.56.30:106][290]LogFileHelpers: Auto-saving content packages took 0.091
[2019.01.03-08.57.36:819][737]BlueprintLog: New page: Compile moveCube
[2019.01.03-08.57.37:129][737]Cmd: OBJ SAVEPACKAGE PACKAGE="/Game/moveCube" FILE="../../../../../../Users/Josefine/studium/semester5/gameEngines_projects/gameEngines_2/physicsSim/Content/moveCube.uasset" SILENT=true
[2019.01.03-08.57.37:175][737]LogSavePackage: Moving '../../../../../../Users/Josefine/studium/semester5/gameEngines_projects/gameEngines_2/physicsSim/Saved/moveCube4719FCCC47D0E404F1E39DAB1A27110A.tmp' to '../../../../../../Users/Josefine/studium/semester5/gameEngines_projects/gameEngines_2/physicsSim/Content/moveCube.uasset'
[2019.01.03-09.06.30:695][600]LogSavePackage: Moving '../../../../../../Users/Josefine/studium/semester5/gameEngines_projects/gameEngines_2/physicsSim/Saved/Untitled_1_Auto27CD5C2BC4102E823AF6F9888172D47F1.tmp' to '../../../../../../Users/Josefine/studium/semester5/gameEngines_projects/gameEngines_2/physicsSim/Saved/Autosaves/Temp/Untitled_1_Auto2.umap'
[2019.01.03-09.06.30:705][600]LogFileHelpers: Editor autosave (incl. sublevels) for '/Temp/Untitled_1' took 0.458
[2019.01.03-09.06.30:705][600]LogFileHelpers: Editor autosave (incl. sublevels) for all levels took 0.458
[2019.01.03-09.06.30:710][600]OBJ SavePackage: Generating thumbnails for [1] asset(s) in package [/Game/moveCube] ([1] browsable assets)...
[2019.01.03-09.06.30:772][600]OBJ SavePackage:     Rendered thumbnail for [Blueprint /Game/moveCube.moveCube]
[2019.01.03-09.06.30:772][600]OBJ SavePackage: Finished generating thumbnails for package [/Game/moveCube]
[2019.01.03-09.06.30:837][600]LogSavePackage: Moving '../../../../../../Users/Josefine/studium/semester5/gameEngines_projects/gameEngines_2/physicsSim/Saved/moveCube_Auto21A108751483D9157CD4BFFAFEDD3D35A.tmp' to '../../../../../../Users/Josefine/studium/semester5/gameEngines_projects/gameEngines_2/physicsSim/Saved/Autosaves/Game/moveCube_Auto2.uasset'
[2019.01.03-09.06.30:841][600]LogFileHelpers: Auto-saving content packages took 0.133
